This file contains any messages produced by compilers while
running configure, to aid debugging if configure makes a mistake.

It was created by ecm configure 7.0.5-dev, which was
generated by GNU Autoconf 2.69.  Invocation command line was

  $ ./configure --with-gmp=/usr/local/

## --------- ##
## Platform. ##
## --------- ##

hostname = drx
uname -m = x86_64
uname -r = 4.19.0-kali1-amd64
uname -s = Linux
uname -v = #1 SMP Debian 4.19.13-1kali1 (2019-01-03)

/usr/bin/uname -p = unknown
/bin/uname -X     = unknown

/bin/arch              = x86_64
/usr/bin/arch -k       = unknown
/usr/convex/getsysinfo = unknown
/usr/bin/hostinfo      = unknown
/bin/machine           = unknown
/usr/bin/oslevel       = unknown
/bin/universe          = unknown

PATH: /usr/local/sbin
PATH: /usr/local/bin
PATH: /usr/sbin
PATH: /usr/bin
PATH: /sbin
PATH: /bin


## ----------- ##
## Core tests. ##
## ----------- ##

configure:2541: checking for a BSD-compatible install
configure:2609: result: /usr/bin/install -c
configure:2620: checking whether build environment is sane
configure:2675: result: yes
configure:2824: checking for a thread-safe mkdir -p
configure:2863: result: /usr/bin/mkdir -p
configure:2870: checking for gawk
configure:2886: found /usr/bin/gawk
configure:2897: result: gawk
configure:2908: checking whether make sets $(MAKE)
configure:2930: result: yes
configure:2959: checking whether make supports nested variables
configure:2976: result: yes
configure:3106: checking build system type
configure:3120: result: x86_64-pc-linux-gnu
configure:3140: checking host system type
configure:3153: result: x86_64-pc-linux-gnu
configure:3185: checking for grep that handles long lines and -e
configure:3243: result: /usr/bin/grep
configure:3248: checking for egrep
configure:3310: result: /usr/bin/grep -E
configure:3315: checking for a sed that does not truncate output
configure:3379: result: /usr/bin/sed
configure:3515: checking for CC and CFLAGS in gmp.h
Trying to run /lib/cpp -P
Trying to parse gmp.h with: /lib/cpp -P -I/usr/local//include conftest.c
Success, GMP_CC=gcc, GMP_CFLAGS=-O2 -pedantic -fomit-frame-pointer -m64 -mtune=sandybridge -march=sandybridge
configure:3558: result: yes CC=gcc CFLAGS=-O2 -pedantic -fomit-frame-pointer -m64 -mtune=sandybridge -march=sandybridge
configure:3564: checking whether CC=gcc and CFLAGS=-O2 -pedantic -fomit-frame-pointer -m64 -mtune=sandybridge -march=sandybridge works
configure:3571: result: yes
configure:3633: checking for gcc
configure:3660: result: gcc
configure:3889: checking for C compiler version
configure:3898: gcc --version >&5
gcc (Debian 8.2.0-21) 8.2.0
Copyright (C) 2018 Free Software Foundation, Inc.
This is free software; see the source for copying conditions.  There is NO
warranty; not even for MERCHANTABILITY or FITNESS FOR A PARTICULAR PURPOSE.

configure:3909: $? = 0
configure:3898: gcc -v >&5
Using built-in specs.
COLLECT_GCC=gcc
COLLECT_LTO_WRAPPER=/usr/lib/gcc/x86_64-linux-gnu/8/lto-wrapper
OFFLOAD_TARGET_NAMES=nvptx-none
OFFLOAD_TARGET_DEFAULT=1
Target: x86_64-linux-gnu
Configured with: ../src/configure -v --with-pkgversion='Debian 8.2.0-21' --with-bugurl=file:///usr/share/doc/gcc-8/README.Bugs --enable-languages=c,ada,c++,go,brig,d,fortran,objc,obj-c++ --prefix=/usr --with-gcc-major-version-only --program-suffix=-8 --program-prefix=x86_64-linux-gnu- --enable-shared --enable-linker-build-id --libexecdir=/usr/lib --without-included-gettext --enable-threads=posix --libdir=/usr/lib --enable-nls --enable-bootstrap --enable-clocale=gnu --enable-libstdcxx-debug --enable-libstdcxx-time=yes --with-default-libstdcxx-abi=new --enable-gnu-unique-object --disable-vtable-verify --enable-libmpx --enable-plugin --enable-default-pie --with-system-zlib --with-target-system-zlib --enable-objc-gc=auto --enable-multiarch --disable-werror --with-arch-32=i686 --with-abi=m64 --with-multilib-list=m32,m64,mx32 --enable-multilib --with-tune=generic --enable-offload-targets=nvptx-none --without-cuda-driver --enable-checking=release --build=x86_64-linux-gnu --host=x86_64-linux-gnu --target=x86_64-linux-gnu
Thread model: posix
gcc version 8.2.0 (Debian 8.2.0-21) 
configure:3909: $? = 0
configure:3898: gcc -V >&5
gcc: error: unrecognized command line option '-V'
gcc: fatal error: no input files
compilation terminated.
configure:3909: $? = 1
configure:3898: gcc -qversion >&5
gcc: error: unrecognized command line option '-qversion'; did you mean '--version'?
gcc: fatal error: no input files
compilation terminated.
configure:3909: $? = 1
configure:3929: checking whether the C compiler works
configure:3951: gcc -O2 -pedantic -fomit-frame-pointer -m64 -mtune=sandybridge -march=sandybridge -I/usr/local//include  conftest.c  >&5
configure:3955: $? = 0
configure:4003: result: yes
configure:4006: checking for C compiler default output file name
configure:4008: result: a.out
configure:4014: checking for suffix of executables
configure:4021: gcc -o conftest -O2 -pedantic -fomit-frame-pointer -m64 -mtune=sandybridge -march=sandybridge -I/usr/local//include  conftest.c  >&5
configure:4025: $? = 0
configure:4047: result: 
configure:4069: checking whether we are cross compiling
configure:4077: gcc -o conftest -O2 -pedantic -fomit-frame-pointer -m64 -mtune=sandybridge -march=sandybridge -I/usr/local//include  conftest.c  >&5
configure:4081: $? = 0
configure:4088: ./conftest
configure:4092: $? = 0
configure:4080: result: no
configure:4085: checking for suffix of object files
configure:4107: gcc -c -O2 -pedantic -fomit-frame-pointer -m64 -mtune=sandybridge -march=sandybridge -I/usr/local//include conftest.c >&5
configure:4111: $? = 0
configure:4132: result: o
configure:4136: checking whether we are using the GNU C compiler
configure:4155: gcc -c -O2 -pedantic -fomit-frame-pointer -m64 -mtune=sandybridge -march=sandybridge -I/usr/local//include conftest.c >&5
configure:4155: $? = 0
configure:4164: result: yes
configure:4173: checking whether gcc accepts -g
configure:4193: gcc -c -g -I/usr/local//include conftest.c >&5
configure:4193: $? = 0
configure:4234: result: yes
configure:4251: checking for gcc option to accept ISO C89
configure:4314: gcc  -c -O2 -pedantic -fomit-frame-pointer -m64 -mtune=sandybridge -march=sandybridge -I/usr/local//include conftest.c >&5
configure:4314: $? = 0
configure:4327: result: none needed
configure:4352: checking whether gcc understands -c and -o together
configure:4374: gcc -c conftest.c -o conftest2.o
configure:4377: $? = 0
configure:4374: gcc -c conftest.c -o conftest2.o
configure:4377: $? = 0
configure:4389: result: yes
configure:4409: checking whether make supports the include directive
configure:4424: make -f confmf.GNU && cat confinc.out
this is the am__doit target
configure:4427: $? = 0
configure:4446: result: yes (GNU style)
configure:4471: checking dependency style of gcc
configure:4582: result: gcc3
configure:4606: checking dependency style of gcc
configure:4715: result: gcc3
configure:4783: checking how to print strings
configure:4810: result: printf
configure:4831: checking for a sed that does not truncate output
configure:4895: result: /usr/bin/sed
configure:4913: checking for fgrep
configure:4975: result: /usr/bin/grep -F
configure:5010: checking for ld used by gcc
configure:5077: result: /usr/bin/ld
configure:5084: checking if the linker (/usr/bin/ld) is GNU ld
configure:5099: result: yes
configure:5111: checking for BSD- or MS-compatible name lister (nm)
configure:5165: result: /usr/bin/nm -B
configure:5295: checking the name lister (/usr/bin/nm -B) interface
configure:5302: gcc -c -O2 -pedantic -fomit-frame-pointer -m64 -mtune=sandybridge -march=sandybridge -I/usr/local//include conftest.c >&5
configure:5305: /usr/bin/nm -B "conftest.o"
configure:5308: output
0000000000000000 B some_variable
configure:5309: result: BSD nm
configure:5312: checking whether ln -s works
configure:5316: result: yes
configure:5324: checking the maximum length of command line arguments
configure:5455: result: 1572864
configure:5503: checking how to convert x86_64-pc-linux-gnu file names to x86_64-pc-linux-gnu format
configure:5543: result: func_convert_file_noop
configure:5550: checking how to convert x86_64-pc-linux-gnu file names to toolchain format
configure:5570: result: func_convert_file_noop
configure:5577: checking for /usr/bin/ld option to reload object files
configure:5584: result: -r
configure:5658: checking for objdump
configure:5674: found /usr/bin/objdump
configure:5685: result: objdump
configure:5717: checking how to recognize dependent libraries
configure:5917: result: pass_all
configure:6002: checking for dlltool
configure:6032: result: no
configure:6062: checking how to associate runtime and link libraries
configure:6089: result: printf %s\n
configure:6150: checking for ar
configure:6166: found /usr/bin/ar
configure:6177: result: ar
configure:6214: checking for archiver @FILE support
configure:6231: gcc -c -O2 -pedantic -fomit-frame-pointer -m64 -mtune=sandybridge -march=sandybridge -I/usr/local//include conftest.c >&5
configure:6231: $? = 0
configure:6234: ar cru libconftest.a @conftest.lst >&5
ar: `u' modifier ignored since `D' is the default (see `U')
configure:6237: $? = 0
configure:6242: ar cru libconftest.a @conftest.lst >&5
ar: `u' modifier ignored since `D' is the default (see `U')
ar: conftest.o: No such file or directory
configure:6245: $? = 1
configure:6244: result: @
configure:6302: checking for strip
configure:6318: found /usr/bin/strip
configure:6329: result: strip
configure:6401: checking for ranlib
configure:6417: found /usr/bin/ranlib
configure:6428: result: ranlib
configure:6530: checking command to parse /usr/bin/nm -B output from gcc object
configure:6683: gcc -c -O2 -pedantic -fomit-frame-pointer -m64 -mtune=sandybridge -march=sandybridge -I/usr/local//include conftest.c >&5
configure:6686: $? = 0
configure:6690: /usr/bin/nm -B conftest.o | sed -n -e 's/^.*[	 ]\([ABCDGIRSTW][ABCDGIRSTW]*\)[	 ][	 ]*\([_A-Za-z][_A-Za-z0-9]*\)$/\1 \2 \2/p' | sed '/ __gnu_lto/d' > conftest.nm
configure:6756: gcc -o conftest -O2 -pedantic -fomit-frame-pointer -m64 -mtune=sandybridge -march=sandybridge -I/usr/local//include  conftest.c conftstm.o >&5
conftest.c:29:20: warning: ISO C forbids conversion of function pointer to object pointer type [-Wpedantic]
   {"nm_test_func", (void *) &nm_test_func},
                    ^
configure:6759: $? = 0
configure:6797: result: ok
configure:6844: checking for sysroot
configure:6874: result: no
configure:6881: checking for a working dd
configure:6919: result: /usr/bin/dd
configure:6923: checking how to truncate binary pipes
configure:6938: result: /usr/bin/dd bs=4096 count=1
configure:7074: gcc -c -O2 -pedantic -fomit-frame-pointer -m64 -mtune=sandybridge -march=sandybridge -I/usr/local//include conftest.c >&5
configure:7077: $? = 0
configure:7267: checking for mt
configure:7283: found /usr/bin/mt
configure:7294: result: mt
configure:7317: checking if mt is a manifest tool
configure:7323: mt '-?'
configure:7331: result: no
configure:8008: checking how to run the C preprocessor
configure:8039: gcc -E -I/usr/local//include conftest.c
configure:8039: $? = 0
configure:8053: gcc -E -I/usr/local//include conftest.c
conftest.c:13:10: fatal error: ac_nonexistent.h: No such file or directory
 #include <ac_nonexistent.h>
          ^~~~~~~~~~~~~~~~~~
compilation terminated.
configure:8053: $? = 1
configure: failed program was:
| /* confdefs.h */
| #define PACKAGE_NAME "ecm"
| #define PACKAGE_TARNAME "ecm"
| #define PACKAGE_VERSION "7.0.5-dev"
| #define PACKAGE_STRING "ecm 7.0.5-dev"
| #define PACKAGE_BUGREPORT "ecm-discuss@lists.gforge.inria.fr"
| #define PACKAGE_URL ""
| #define PACKAGE "ecm"
| #define VERSION "7.0.5-dev"
| #define ECM_VERSION "7.0.5-dev"
| #define WANT_ASSERT 1
| /* end confdefs.h.  */
| #include <ac_nonexistent.h>
configure:8078: result: gcc -E
configure:8098: gcc -E -I/usr/local//include conftest.c
configure:8098: $? = 0
configure:8112: gcc -E -I/usr/local//include conftest.c
conftest.c:13:10: fatal error: ac_nonexistent.h: No such file or directory
 #include <ac_nonexistent.h>
          ^~~~~~~~~~~~~~~~~~
compilation terminated.
configure:8112: $? = 1
configure: failed program was:
| /* confdefs.h */
| #define PACKAGE_NAME "ecm"
| #define PACKAGE_TARNAME "ecm"
| #define PACKAGE_VERSION "7.0.5-dev"
| #define PACKAGE_STRING "ecm 7.0.5-dev"
| #define PACKAGE_BUGREPORT "ecm-discuss@lists.gforge.inria.fr"
| #define PACKAGE_URL ""
| #define PACKAGE "ecm"
| #define VERSION "7.0.5-dev"
| #define ECM_VERSION "7.0.5-dev"
| #define WANT_ASSERT 1
| /* end confdefs.h.  */
| #include <ac_nonexistent.h>
configure:8141: checking for ANSI C header files
configure:8161: gcc -c -O2 -pedantic -fomit-frame-pointer -m64 -mtune=sandybridge -march=sandybridge -I/usr/local//include conftest.c >&5
configure:8161: $? = 0
configure:8234: gcc -o conftest -O2 -pedantic -fomit-frame-pointer -m64 -mtune=sandybridge -march=sandybridge -I/usr/local//include  conftest.c  >&5
configure:8234: $? = 0
configure:8234: ./conftest
configure:8234: $? = 0
configure:8245: result: yes
configure:8258: checking for sys/types.h
configure:8258: gcc -c -O2 -pedantic -fomit-frame-pointer -m64 -mtune=sandybridge -march=sandybridge -I/usr/local//include conftest.c >&5
configure:8258: $? = 0
configure:8258: result: yes
configure:8258: checking for sys/stat.h
configure:8258: gcc -c -O2 -pedantic -fomit-frame-pointer -m64 -mtune=sandybridge -march=sandybridge -I/usr/local//include conftest.c >&5
configure:8258: $? = 0
configure:8258: result: yes
configure:8258: checking for stdlib.h
configure:8258: gcc -c -O2 -pedantic -fomit-frame-pointer -m64 -mtune=sandybridge -march=sandybridge -I/usr/local//include conftest.c >&5
configure:8258: $? = 0
configure:8258: result: yes
configure:8258: checking for string.h
configure:8258: gcc -c -O2 -pedantic -fomit-frame-pointer -m64 -mtune=sandybridge -march=sandybridge -I/usr/local//include conftest.c >&5
configure:8258: $? = 0
configure:8258: result: yes
configure:8258: checking for memory.h
configure:8258: gcc -c -O2 -pedantic -fomit-frame-pointer -m64 -mtune=sandybridge -march=sandybridge -I/usr/local//include conftest.c >&5
configure:8258: $? = 0
configure:8258: result: yes
configure:8258: checking for strings.h
configure:8258: gcc -c -O2 -pedantic -fomit-frame-pointer -m64 -mtune=sandybridge -march=sandybridge -I/usr/local//include conftest.c >&5
configure:8258: $? = 0
configure:8258: result: yes
configure:8258: checking for inttypes.h
configure:8258: gcc -c -O2 -pedantic -fomit-frame-pointer -m64 -mtune=sandybridge -march=sandybridge -I/usr/local//include conftest.c >&5
configure:8258: $? = 0
configure:8258: result: yes
configure:8258: checking for stdint.h
configure:8258: gcc -c -O2 -pedantic -fomit-frame-pointer -m64 -mtune=sandybridge -march=sandybridge -I/usr/local//include conftest.c >&5
configure:8258: $? = 0
configure:8258: result: yes
configure:8258: checking for unistd.h
configure:8258: gcc -c -O2 -pedantic -fomit-frame-pointer -m64 -mtune=sandybridge -march=sandybridge -I/usr/local//include conftest.c >&5
configure:8258: $? = 0
configure:8258: result: yes
configure:8272: checking for dlfcn.h
configure:8272: gcc -c -O2 -pedantic -fomit-frame-pointer -m64 -mtune=sandybridge -march=sandybridge -I/usr/local//include conftest.c >&5
configure:8272: $? = 0
configure:8272: result: yes
configure:8527: checking for objdir
configure:8542: result: .libs
configure:8806: checking if gcc supports -fno-rtti -fno-exceptions
configure:8824: gcc -c -O2 -pedantic -fomit-frame-pointer -m64 -mtune=sandybridge -march=sandybridge -I/usr/local//include -fno-rtti -fno-exceptions conftest.c >&5
cc1: warning: command line option '-fno-rtti' is valid for C++/ObjC++ but not for C
configure:8828: $? = 0
configure:8841: result: no
configure:9199: checking for gcc option to produce PIC
configure:9206: result: -fPIC -DPIC
configure:9214: checking if gcc PIC flag -fPIC -DPIC works
configure:9232: gcc -c -O2 -pedantic -fomit-frame-pointer -m64 -mtune=sandybridge -march=sandybridge -I/usr/local//include -fPIC -DPIC -DPIC conftest.c >&5
configure:9236: $? = 0
configure:9249: result: yes
configure:9278: checking if gcc static flag -static works
configure:9306: result: yes
configure:9321: checking if gcc supports -c -o file.o
configure:9342: gcc -c -O2 -pedantic -fomit-frame-pointer -m64 -mtune=sandybridge -march=sandybridge -I/usr/local//include -o out/conftest2.o conftest.c >&5
configure:9346: $? = 0
configure:9368: result: yes
configure:9376: checking if gcc supports -c -o file.o
configure:9423: result: yes
configure:9456: checking whether the gcc linker (/usr/bin/ld -m elf_x86_64) supports shared libraries
configure:10719: result: yes
configure:10959: checking dynamic linker characteristics
configure:11540: gcc -o conftest -O2 -pedantic -fomit-frame-pointer -m64 -mtune=sandybridge -march=sandybridge -I/usr/local//include  -Wl,-rpath -Wl,/foo conftest.c  >&5
configure:11540: $? = 0
configure:11789: result: GNU/Linux ld.so
configure:11911: checking how to hardcode library paths into programs
configure:11936: result: immediate
configure:12484: checking whether stripping libraries is possible
configure:12489: result: yes
configure:12524: checking if libtool supports shared libraries
configure:12526: result: yes
configure:12529: checking whether to build shared libraries
configure:12554: result: no
configure:12557: checking whether to build static libraries
configure:12561: result: yes
configure:9376: checking for int64_t
configure:9376: gcc -c -O2 -pedantic -fomit-frame-pointer -m64 -mtune=sandybridge -march=sandybridge -I/usr/local//include conftest.c >&5
configure:9376: $? = 0
configure:9376: gcc -c -O2 -pedantic -fomit-frame-pointer -m64 -mtune=sandybridge -march=sandybridge -I/usr/local//include conftest.c >&5
conftest.c: In function 'main':
conftest.c:63:53: warning: integer overflow in expression of type 'long int' results in '-9223372036854775808' [-Woverflow]
    < (int64_t) (((((int64_t) 1 << N) << N) - 1) * 2 + 2))];
                                                     ^
conftest.c:62:12: error: storage size of 'test_array' isn't constant
 static int test_array [1 - 2 * !((int64_t) (((((int64_t) 1 << N) << N) - 1) * 2 + 1)
            ^~~~~~~~~~
configure:9376: $? = 1
configure: failed program was:
| /* confdefs.h */
| #define PACKAGE_NAME "ecm"
| #define PACKAGE_TARNAME "ecm"
| #define PACKAGE_VERSION "7.0.5-dev"
| #define PACKAGE_STRING "ecm 7.0.5-dev"
| #define PACKAGE_BUGREPORT "ecm-discuss@lists.gforge.inria.fr"
| #define PACKAGE_URL ""
| #define PACKAGE "ecm"
| #define VERSION "7.0.5-dev"
| #define ECM_VERSION "7.0.5-dev"
| #define WANT_ASSERT 1
| #define STDC_HEADERS 1
| #define HAVE_SYS_TYPES_H 1
| #define HAVE_SYS_STAT_H 1
| #define HAVE_STDLIB_H 1
| #define HAVE_STRING_H 1
| #define HAVE_MEMORY_H 1
| #define HAVE_STRINGS_H 1
| #define HAVE_INTTYPES_H 1
| #define HAVE_STDINT_H 1
| #define HAVE_UNISTD_H 1
| #define HAVE_DLFCN_H 1
| #define LT_OBJDIR ".libs/"
| /* end confdefs.h.  */
| #include <stdio.h>
| #ifdef HAVE_SYS_TYPES_H
| # include <sys/types.h>
| #endif
| #ifdef HAVE_SYS_STAT_H
| # include <sys/stat.h>
| #endif
| #ifdef STDC_HEADERS
| # include <stdlib.h>
| # include <stddef.h>
| #else
| # ifdef HAVE_STDLIB_H
| #  include <stdlib.h>
| # endif
| #endif
| #ifdef HAVE_STRING_H
| # if !defined STDC_HEADERS && defined HAVE_MEMORY_H
| #  include <memory.h>
| # endif
| # include <string.h>
| #endif
| #ifdef HAVE_STRINGS_H
| # include <strings.h>
| #endif
| #ifdef HAVE_INTTYPES_H
| # include <inttypes.h>
| #endif
| #ifdef HAVE_STDINT_H
| # include <stdint.h>
| #endif
| #ifdef HAVE_UNISTD_H
| # include <unistd.h>
| #endif
| 	        enum { N = 64 / 2 - 1 };
| int
| main ()
| {
| static int test_array [1 - 2 * !((int64_t) (((((int64_t) 1 << N) << N) - 1) * 2 + 1)
| 		 < (int64_t) (((((int64_t) 1 << N) << N) - 1) * 2 + 2))];
| test_array [0] = 0;
| return test_array [0];
| 
|   ;
|   return 0;
| }
configure:9376: result: yes
configure:9387: checking for uint64_t
configure:9387: gcc -c -O2 -pedantic -fomit-frame-pointer -m64 -mtune=sandybridge -march=sandybridge -I/usr/local//include conftest.c >&5
configure:9387: $? = 0
configure:9387: result: yes
configure:9402: checking for unsigned long long int
configure:9441: gcc -o conftest -O2 -pedantic -fomit-frame-pointer -m64 -mtune=sandybridge -march=sandybridge -I/usr/local//include  conftest.c  >&5
configure:9441: $? = 0
configure:9450: result: yes
configure:9460: checking for long long int
configure:9498: gcc -o conftest -O2 -pedantic -fomit-frame-pointer -m64 -mtune=sandybridge -march=sandybridge -I/usr/local//include  conftest.c  >&5
configure:9498: $? = 0
configure:9498: ./conftest
configure:9498: $? = 0
configure:9510: result: yes
configure:9519: checking for an ANSI C-conforming const
configure:9585: gcc -c -O2 -pedantic -fomit-frame-pointer -m64 -mtune=sandybridge -march=sandybridge -I/usr/local//include conftest.c >&5
configure:9585: $? = 0
configure:9592: result: yes
configure:9601: checking for inline
configure:9617: gcc -c -O2 -pedantic -fomit-frame-pointer -m64 -mtune=sandybridge -march=sandybridge -I/usr/local//include conftest.c >&5
configure:9617: $? = 0
configure:9625: result: inline
configure:9644: checking whether time.h and sys/time.h may both be included
configure:9664: gcc -c -O2 -pedantic -fomit-frame-pointer -m64 -mtune=sandybridge -march=sandybridge -I/usr/local//include conftest.c >&5
configure:9664: $? = 0
configure:9671: result: yes
configure:9680: checking for size_t
configure:9680: gcc -c -O2 -pedantic -fomit-frame-pointer -m64 -mtune=sandybridge -march=sandybridge -I/usr/local//include conftest.c >&5
configure:9680: $? = 0
configure:9680: gcc -c -O2 -pedantic -fomit-frame-pointer -m64 -mtune=sandybridge -march=sandybridge -I/usr/local//include conftest.c >&5
conftest.c: In function 'main':
conftest.c:64:21: error: expected expression before ')' token
 if (sizeof ((size_t)))
                     ^
configure:9680: $? = 1
configure: failed program was:
| /* confdefs.h */
| #define PACKAGE_NAME "ecm"
| #define PACKAGE_TARNAME "ecm"
| #define PACKAGE_VERSION "7.0.5-dev"
| #define PACKAGE_STRING "ecm 7.0.5-dev"
| #define PACKAGE_BUGREPORT "ecm-discuss@lists.gforge.inria.fr"
| #define PACKAGE_URL ""
| #define PACKAGE "ecm"
| #define VERSION "7.0.5-dev"
| #define ECM_VERSION "7.0.5-dev"
| #define WANT_ASSERT 1
| #define STDC_HEADERS 1
| #define HAVE_SYS_TYPES_H 1
| #define HAVE_SYS_STAT_H 1
| #define HAVE_STDLIB_H 1
| #define HAVE_STRING_H 1
| #define HAVE_MEMORY_H 1
| #define HAVE_STRINGS_H 1
| #define HAVE_INTTYPES_H 1
| #define HAVE_STDINT_H 1
| #define HAVE_UNISTD_H 1
| #define HAVE_DLFCN_H 1
| #define LT_OBJDIR ".libs/"
| #define HAVE_UNSIGNED_LONG_LONG_INT 1
| #define HAVE_LONG_LONG_INT 1
| #define TIME_WITH_SYS_TIME 1
| /* end confdefs.h.  */
| #include <stdio.h>
| #ifdef HAVE_SYS_TYPES_H
| # include <sys/types.h>
| #endif
| #ifdef HAVE_SYS_STAT_H
| # include <sys/stat.h>
| #endif
| #ifdef STDC_HEADERS
| # include <stdlib.h>
| # include <stddef.h>
| #else
| # ifdef HAVE_STDLIB_H
| #  include <stdlib.h>
| # endif
| #endif
| #ifdef HAVE_STRING_H
| # if !defined STDC_HEADERS && defined HAVE_MEMORY_H
| #  include <memory.h>
| # endif
| # include <string.h>
| #endif
| #ifdef HAVE_STRINGS_H
| # include <strings.h>
| #endif
| #ifdef HAVE_INTTYPES_H
| # include <inttypes.h>
| #endif
| #ifdef HAVE_STDINT_H
| # include <stdint.h>
| #endif
| #ifdef HAVE_UNISTD_H
| # include <unistd.h>
| #endif
| int
| main ()
| {
| if (sizeof ((size_t)))
| 	    return 0;
|   ;
|   return 0;
| }
configure:9680: result: yes
configure:9769: checking if assembly code is ELF
configure:9786: result: yes
configure:9827: gcc -c -O2 -pedantic -fomit-frame-pointer -m64 -mtune=sandybridge -march=sandybridge -I/usr/local//include conftest.c >&5
configure:9827: $? = 0
configure:9884: checking for suitable m4
trying m4
good
configure:9926: result: m4
configure:9931: checking how to switch to text section
configure:9943: result: .text
configure:9947: checking how to export a symbol
configure:9958: result: .globl
configure:9962: checking what assembly label suffix to use
configure:9974: result: :
configure:9981: checking if globals are prefixed by underscore
configure:10007: gcc -O2 -pedantic -fomit-frame-pointer -m64 -mtune=sandybridge -march=sandybridge -I/usr/local//include -c conftes1.c >&5 && gcc -O2 -pedantic -fomit-frame-pointer -m64 -mtune=sandybridge -march=sandybridge -c conftes2.s >&5 && gcc -O2 -pedantic -fomit-frame-pointer -m64 -mtune=sandybridge -march=sandybridge  conftes1.o conftes2.o >&5
conftes1.c:4:1: warning: return type defaults to 'int' [-Wimplicit-int]
 main () { underscore_test(); }
 ^~~~
conftes1.c: In function 'main':
conftes1.c:4:11: warning: implicit declaration of function 'underscore_test' [-Wimplicit-function-declaration]
 main () { underscore_test(); }
           ^~~~~~~~~~~~~~~
configure:10010: $? = 0
configure:10007: gcc -O2 -pedantic -fomit-frame-pointer -m64 -mtune=sandybridge -march=sandybridge -I/usr/local//include -c conftes1.c >&5 && gcc -O2 -pedantic -fomit-frame-pointer -m64 -mtune=sandybridge -march=sandybridge -c conftes2.s >&5 && gcc -O2 -pedantic -fomit-frame-pointer -m64 -mtune=sandybridge -march=sandybridge  conftes1.o conftes2.o >&5
conftes1.c:4:1: warning: return type defaults to 'int' [-Wimplicit-int]
 main () { underscore_test(); }
 ^~~~
conftes1.c: In function 'main':
conftes1.c:4:11: warning: implicit declaration of function 'underscore_test' [-Wimplicit-function-declaration]
 main () { underscore_test(); }
           ^~~~~~~~~~~~~~~
/usr/bin/ld: conftes1.o: in function `main':
conftes1.c:(.text.startup+0x7): undefined reference to `underscore_test'
collect2: error: ld returned 1 exit status
configure:10010: $? = 1
configure:10034: result: no
configure:10046: checking how to switch to text section
configure:10058: result: .text
configure:10062: checking how to export a symbol
configure:10073: result: .globl
configure:10077: checking for assembler .type directive
configure:10088: gcc -O2 -pedantic -fomit-frame-pointer -m64 -mtune=sandybridge -march=sandybridge -c conftest.s >conftest.out 2>&1
configure:10091: $? = 0
configure:10111: result: .type	$1,@$2
configure:10486: checking for working alloca.h
configure:10503: gcc -o conftest -O2 -pedantic -fomit-frame-pointer -m64 -mtune=sandybridge -march=sandybridge -I/usr/local//include  conftest.c  >&5
configure:10503: $? = 0
configure:10511: result: yes
configure:10519: checking for alloca
configure:10556: gcc -o conftest -O2 -pedantic -fomit-frame-pointer -m64 -mtune=sandybridge -march=sandybridge -I/usr/local//include  conftest.c  >&5
configure:10556: $? = 0
configure:10564: result: yes
configure:10670: checking for ANSI C header files
configure:10774: result: yes
configure:10785: checking math.h usability
configure:10785: gcc -c -O2 -pedantic -fomit-frame-pointer -m64 -mtune=sandybridge -march=sandybridge -I/usr/local//include conftest.c >&5
configure:10785: $? = 0
configure:10785: result: yes
configure:10785: checking math.h presence
configure:10785: gcc -E -I/usr/local//include conftest.c
configure:10785: $? = 0
configure:10785: result: yes
configure:10785: checking for math.h
configure:10785: result: yes
configure:10785: checking limits.h usability
configure:10785: gcc -c -O2 -pedantic -fomit-frame-pointer -m64 -mtune=sandybridge -march=sandybridge -I/usr/local//include conftest.c >&5
configure:10785: $? = 0
configure:10785: result: yes
configure:10785: checking limits.h presence
configure:10785: gcc -E -I/usr/local//include conftest.c
configure:10785: $? = 0
configure:10785: result: yes
configure:10785: checking for limits.h
configure:10785: result: yes
configure:10785: checking malloc.h usability
configure:10785: gcc -c -O2 -pedantic -fomit-frame-pointer -m64 -mtune=sandybridge -march=sandybridge -I/usr/local//include conftest.c >&5
configure:10785: $? = 0
configure:10785: result: yes
configure:10785: checking malloc.h presence
configure:10785: gcc -E -I/usr/local//include conftest.c
configure:10785: $? = 0
configure:10785: result: yes
configure:10785: checking for malloc.h
configure:10785: result: yes
configure:10785: checking for strings.h
configure:10785: result: yes
configure:10785: checking sys/time.h usability
configure:10785: gcc -c -O2 -pedantic -fomit-frame-pointer -m64 -mtune=sandybridge -march=sandybridge -I/usr/local//include conftest.c >&5
configure:10785: $? = 0
configure:10785: result: yes
configure:10785: checking sys/time.h presence
configure:10785: gcc -E -I/usr/local//include conftest.c
configure:10785: $? = 0
configure:10785: result: yes
configure:10785: checking for sys/time.h
configure:10785: result: yes
configure:10785: checking for unistd.h
configure:10785: result: yes
configure:10785: checking io.h usability
configure:10785: gcc -c -O2 -pedantic -fomit-frame-pointer -m64 -mtune=sandybridge -march=sandybridge -I/usr/local//include conftest.c >&5
conftest.c:74:10: fatal error: io.h: No such file or directory
 #include <io.h>
          ^~~~~~
compilation terminated.
configure:10785: $? = 1
configure: failed program was:
| /* confdefs.h */
| #define PACKAGE_NAME "ecm"
| #define PACKAGE_TARNAME "ecm"
| #define PACKAGE_VERSION "7.0.5-dev"
| #define PACKAGE_STRING "ecm 7.0.5-dev"
| #define PACKAGE_BUGREPORT "ecm-discuss@lists.gforge.inria.fr"
| #define PACKAGE_URL ""
| #define PACKAGE "ecm"
| #define VERSION "7.0.5-dev"
| #define ECM_VERSION "7.0.5-dev"
| #define WANT_ASSERT 1
| #define STDC_HEADERS 1
| #define HAVE_SYS_TYPES_H 1
| #define HAVE_SYS_STAT_H 1
| #define HAVE_STDLIB_H 1
| #define HAVE_STRING_H 1
| #define HAVE_MEMORY_H 1
| #define HAVE_STRINGS_H 1
| #define HAVE_INTTYPES_H 1
| #define HAVE_STDINT_H 1
| #define HAVE_UNISTD_H 1
| #define HAVE_DLFCN_H 1
| #define LT_OBJDIR ".libs/"
| #define HAVE_UNSIGNED_LONG_LONG_INT 1
| #define HAVE_LONG_LONG_INT 1
| #define TIME_WITH_SYS_TIME 1
| #define PRIuSIZE "zu"
| #define PRIdSIZE "zd"
| #define USE_ASM_REDC 1
| #define HAVE_APRCL 1
| #define HAVE_ALLOCA_H 1
| #define HAVE_ALLOCA 1
| #define STDC_HEADERS 1
| #define HAVE_MATH_H 1
| #define HAVE_LIMITS_H 1
| #define HAVE_MALLOC_H 1
| #define HAVE_STRINGS_H 1
| #define HAVE_SYS_TIME_H 1
| #define HAVE_UNISTD_H 1
| /* end confdefs.h.  */
| #include <stdio.h>
| #ifdef HAVE_SYS_TYPES_H
| # include <sys/types.h>
| #endif
| #ifdef HAVE_SYS_STAT_H
| # include <sys/stat.h>
| #endif
| #ifdef STDC_HEADERS
| # include <stdlib.h>
| # include <stddef.h>
| #else
| # ifdef HAVE_STDLIB_H
| #  include <stdlib.h>
| # endif
| #endif
| #ifdef HAVE_STRING_H
| # if !defined STDC_HEADERS && defined HAVE_MEMORY_H
| #  include <memory.h>
| # endif
| # include <string.h>
| #endif
| #ifdef HAVE_STRINGS_H
| # include <strings.h>
| #endif
| #ifdef HAVE_INTTYPES_H
| # include <inttypes.h>
| #endif
| #ifdef HAVE_STDINT_H
| # include <stdint.h>
| #endif
| #ifdef HAVE_UNISTD_H
| # include <unistd.h>
| #endif
| #include <io.h>
configure:10785: result: no
configure:10785: checking io.h presence
configure:10785: gcc -E -I/usr/local//include conftest.c
conftest.c:41:10: fatal error: io.h: No such file or directory
 #include <io.h>
          ^~~~~~
compilation terminated.
configure:10785: $? = 1
configure: failed program was:
| /* confdefs.h */
| #define PACKAGE_NAME "ecm"
| #define PACKAGE_TARNAME "ecm"
| #define PACKAGE_VERSION "7.0.5-dev"
| #define PACKAGE_STRING "ecm 7.0.5-dev"
| #define PACKAGE_BUGREPORT "ecm-discuss@lists.gforge.inria.fr"
| #define PACKAGE_URL ""
| #define PACKAGE "ecm"
| #define VERSION "7.0.5-dev"
| #define ECM_VERSION "7.0.5-dev"
| #define WANT_ASSERT 1
| #define STDC_HEADERS 1
| #define HAVE_SYS_TYPES_H 1
| #define HAVE_SYS_STAT_H 1
| #define HAVE_STDLIB_H 1
| #define HAVE_STRING_H 1
| #define HAVE_MEMORY_H 1
| #define HAVE_STRINGS_H 1
| #define HAVE_INTTYPES_H 1
| #define HAVE_STDINT_H 1
| #define HAVE_UNISTD_H 1
| #define HAVE_DLFCN_H 1
| #define LT_OBJDIR ".libs/"
| #define HAVE_UNSIGNED_LONG_LONG_INT 1
| #define HAVE_LONG_LONG_INT 1
| #define TIME_WITH_SYS_TIME 1
| #define PRIuSIZE "zu"
| #define PRIdSIZE "zd"
| #define USE_ASM_REDC 1
| #define HAVE_APRCL 1
| #define HAVE_ALLOCA_H 1
| #define HAVE_ALLOCA 1
| #define STDC_HEADERS 1
| #define HAVE_MATH_H 1
| #define HAVE_LIMITS_H 1
| #define HAVE_MALLOC_H 1
| #define HAVE_STRINGS_H 1
| #define HAVE_SYS_TIME_H 1
| #define HAVE_UNISTD_H 1
| /* end confdefs.h.  */
| #include <io.h>
configure:10785: result: no
configure:10785: checking for io.h
configure:10785: result: no
configure:10785: checking signal.h usability
configure:10785: gcc -c -O2 -pedantic -fomit-frame-pointer -m64 -mtune=sandybridge -march=sandybridge -I/usr/local//include conftest.c >&5
configure:10785: $? = 0
configure:10785: result: yes
configure:10785: checking signal.h presence
configure:10785: gcc -E -I/usr/local//include conftest.c
configure:10785: $? = 0
configure:10785: result: yes
configure:10785: checking for signal.h
configure:10785: result: yes
configure:10785: checking fcntl.h usability
configure:10785: gcc -c -O2 -pedantic -fomit-frame-pointer -m64 -mtune=sandybridge -march=sandybridge -I/usr/local//include conftest.c >&5
configure:10785: $? = 0
configure:10785: result: yes
configure:10785: checking fcntl.h presence
configure:10785: gcc -E -I/usr/local//include conftest.c
configure:10785: $? = 0
configure:10785: result: yes
configure:10785: checking for fcntl.h
configure:10785: result: yes
configure:10798: checking for windows.h
configure:10798: gcc -c -O2 -pedantic -fomit-frame-pointer -m64 -mtune=sandybridge -march=sandybridge -I/usr/local//include conftest.c >&5
conftest.c:48:10: fatal error: windows.h: No such file or directory
 #include <windows.h>
          ^~~~~~~~~~~
compilation terminated.
configure:10798: $? = 1
configure: failed program was:
| /* confdefs.h */
| #define PACKAGE_NAME "ecm"
| #define PACKAGE_TARNAME "ecm"
| #define PACKAGE_VERSION "7.0.5-dev"
| #define PACKAGE_STRING "ecm 7.0.5-dev"
| #define PACKAGE_BUGREPORT "ecm-discuss@lists.gforge.inria.fr"
| #define PACKAGE_URL ""
| #define PACKAGE "ecm"
| #define VERSION "7.0.5-dev"
| #define ECM_VERSION "7.0.5-dev"
| #define WANT_ASSERT 1
| #define STDC_HEADERS 1
| #define HAVE_SYS_TYPES_H 1
| #define HAVE_SYS_STAT_H 1
| #define HAVE_STDLIB_H 1
| #define HAVE_STRING_H 1
| #define HAVE_MEMORY_H 1
| #define HAVE_STRINGS_H 1
| #define HAVE_INTTYPES_H 1
| #define HAVE_STDINT_H 1
| #define HAVE_UNISTD_H 1
| #define HAVE_DLFCN_H 1
| #define LT_OBJDIR ".libs/"
| #define HAVE_UNSIGNED_LONG_LONG_INT 1
| #define HAVE_LONG_LONG_INT 1
| #define TIME_WITH_SYS_TIME 1
| #define PRIuSIZE "zu"
| #define PRIdSIZE "zd"
| #define USE_ASM_REDC 1
| #define HAVE_APRCL 1
| #define HAVE_ALLOCA_H 1
| #define HAVE_ALLOCA 1
| #define STDC_HEADERS 1
| #define HAVE_MATH_H 1
| #define HAVE_LIMITS_H 1
| #define HAVE_MALLOC_H 1
| #define HAVE_STRINGS_H 1
| #define HAVE_SYS_TIME_H 1
| #define HAVE_UNISTD_H 1
| #define HAVE_SIGNAL_H 1
| #define HAVE_FCNTL_H 1
| /* end confdefs.h.  */
| #ifdef HAVE_WINDOWS_H
|      # include <windows.h>
|      #endif
| 
| 
| #include <windows.h>
configure:10798: result: no
configure:10798: checking for psapi.h
configure:10798: gcc -c -O2 -pedantic -fomit-frame-pointer -m64 -mtune=sandybridge -march=sandybridge -I/usr/local//include conftest.c >&5
conftest.c:48:10: fatal error: psapi.h: No such file or directory
 #include <psapi.h>
          ^~~~~~~~~
compilation terminated.
configure:10798: $? = 1
configure: failed program was:
| /* confdefs.h */
| #define PACKAGE_NAME "ecm"
| #define PACKAGE_TARNAME "ecm"
| #define PACKAGE_VERSION "7.0.5-dev"
| #define PACKAGE_STRING "ecm 7.0.5-dev"
| #define PACKAGE_BUGREPORT "ecm-discuss@lists.gforge.inria.fr"
| #define PACKAGE_URL ""
| #define PACKAGE "ecm"
| #define VERSION "7.0.5-dev"
| #define ECM_VERSION "7.0.5-dev"
| #define WANT_ASSERT 1
| #define STDC_HEADERS 1
| #define HAVE_SYS_TYPES_H 1
| #define HAVE_SYS_STAT_H 1
| #define HAVE_STDLIB_H 1
| #define HAVE_STRING_H 1
| #define HAVE_MEMORY_H 1
| #define HAVE_STRINGS_H 1
| #define HAVE_INTTYPES_H 1
| #define HAVE_STDINT_H 1
| #define HAVE_UNISTD_H 1
| #define HAVE_DLFCN_H 1
| #define LT_OBJDIR ".libs/"
| #define HAVE_UNSIGNED_LONG_LONG_INT 1
| #define HAVE_LONG_LONG_INT 1
| #define TIME_WITH_SYS_TIME 1
| #define PRIuSIZE "zu"
| #define PRIdSIZE "zd"
| #define USE_ASM_REDC 1
| #define HAVE_APRCL 1
| #define HAVE_ALLOCA_H 1
| #define HAVE_ALLOCA 1
| #define STDC_HEADERS 1
| #define HAVE_MATH_H 1
| #define HAVE_LIMITS_H 1
| #define HAVE_MALLOC_H 1
| #define HAVE_STRINGS_H 1
| #define HAVE_SYS_TIME_H 1
| #define HAVE_UNISTD_H 1
| #define HAVE_SIGNAL_H 1
| #define HAVE_FCNTL_H 1
| /* end confdefs.h.  */
| #ifdef HAVE_WINDOWS_H
|      # include <windows.h>
|      #endif
| 
| 
| #include <psapi.h>
configure:10798: result: no
configure:10815: checking ctype.h usability
configure:10815: gcc -c -O2 -pedantic -fomit-frame-pointer -m64 -mtune=sandybridge -march=sandybridge -I/usr/local//include conftest.c >&5
configure:10815: $? = 0
configure:10815: result: yes
configure:10815: checking ctype.h presence
configure:10815: gcc -E -I/usr/local//include conftest.c
configure:10815: $? = 0
configure:10815: result: yes
configure:10815: checking for ctype.h
configure:10815: result: yes
configure:10815: checking for sys/types.h
configure:10815: result: yes
configure:10815: checking sys/resource.h usability
configure:10815: gcc -c -O2 -pedantic -fomit-frame-pointer -m64 -mtune=sandybridge -march=sandybridge -I/usr/local//include conftest.c >&5
configure:10815: $? = 0
configure:10815: result: yes
configure:10815: checking sys/resource.h presence
configure:10815: gcc -E -I/usr/local//include conftest.c
configure:10815: $? = 0
configure:10815: result: yes
configure:10815: checking for sys/resource.h
configure:10815: result: yes
configure:10815: checking aio.h usability
configure:10815: gcc -c -O2 -pedantic -fomit-frame-pointer -m64 -mtune=sandybridge -march=sandybridge -I/usr/local//include conftest.c >&5
configure:10815: $? = 0
configure:10815: result: yes
configure:10815: checking aio.h presence
configure:10815: gcc -E -I/usr/local//include conftest.c
configure:10815: $? = 0
configure:10815: result: yes
configure:10815: checking for aio.h
configure:10815: result: yes
configure:10826: checking for working strtod
configure:10867: gcc -o conftest -O2 -pedantic -fomit-frame-pointer -m64 -mtune=sandybridge -march=sandybridge -I/usr/local//include  conftest.c  >&5
configure:10867: $? = 0
configure:10867: ./conftest
configure:10867: $? = 0
configure:10877: result: yes
configure:10940: checking for pow in -lm
configure:10965: gcc -o conftest -O2 -pedantic -fomit-frame-pointer -m64 -mtune=sandybridge -march=sandybridge -I/usr/local//include  conftest.c -lm   >&5
conftest.c:54:6: warning: conflicting types for built-in function 'pow' [-Wbuiltin-declaration-mismatch]
 char pow ();
      ^~~
configure:10965: $? = 0
configure:10974: result: yes
configure:10987: checking for floor in -lm
configure:11012: gcc -o conftest -O2 -pedantic -fomit-frame-pointer -m64 -mtune=sandybridge -march=sandybridge -I/usr/local//include  conftest.c -lm  -lm  >&5
conftest.c:55:6: warning: conflicting types for built-in function 'floor' [-Wbuiltin-declaration-mismatch]
 char floor ();
      ^~~~~
configure:11012: $? = 0
configure:11021: result: yes
configure:11034: checking for sqrt in -lm
configure:11059: gcc -o conftest -O2 -pedantic -fomit-frame-pointer -m64 -mtune=sandybridge -march=sandybridge -I/usr/local//include  conftest.c -lm  -lm -lm  >&5
conftest.c:56:6: warning: conflicting types for built-in function 'sqrt' [-Wbuiltin-declaration-mismatch]
 char sqrt ();
      ^~~~
configure:11059: $? = 0
configure:11068: result: yes
configure:11081: checking for fmod in -lm
configure:11106: gcc -o conftest -O2 -pedantic -fomit-frame-pointer -m64 -mtune=sandybridge -march=sandybridge -I/usr/local//include  conftest.c -lm  -lm -lm -lm  >&5
conftest.c:57:6: warning: conflicting types for built-in function 'fmod' [-Wbuiltin-declaration-mismatch]
 char fmod ();
      ^~~~
configure:11106: $? = 0
configure:11115: result: yes
configure:11128: checking for cos in -lm
configure:11153: gcc -o conftest -O2 -pedantic -fomit-frame-pointer -m64 -mtune=sandybridge -march=sandybridge -I/usr/local//include  conftest.c -lm  -lm -lm -lm -lm  >&5
conftest.c:58:6: warning: conflicting types for built-in function 'cos' [-Wbuiltin-declaration-mismatch]
 char cos ();
      ^~~
configure:11153: $? = 0
configure:11162: result: yes
configure:11173: checking for aio_read in -lrt
configure:11198: gcc -o conftest -O2 -pedantic -fomit-frame-pointer -m64 -mtune=sandybridge -march=sandybridge -I/usr/local//include  conftest.c -lrt  -lm -lm -lm -lm -lm  >&5
configure:11198: $? = 0
configure:11207: result: yes
configure:11218: checking for GetProcessMemoryInfo in -lpsapi
configure:11243: gcc -o conftest -O2 -pedantic -fomit-frame-pointer -m64 -mtune=sandybridge -march=sandybridge -I/usr/local//include  conftest.c -lpsapi  -lrt -lm -lm -lm -lm -lm  >&5
/usr/bin/ld: cannot find -lpsapi
collect2: error: ld returned 1 exit status
configure:11243: $? = 1
configure: failed program was:
| /* confdefs.h */
| #define PACKAGE_NAME "ecm"
| #define PACKAGE_TARNAME "ecm"
| #define PACKAGE_VERSION "7.0.5-dev"
| #define PACKAGE_STRING "ecm 7.0.5-dev"
| #define PACKAGE_BUGREPORT "ecm-discuss@lists.gforge.inria.fr"
| #define PACKAGE_URL ""
| #define PACKAGE "ecm"
| #define VERSION "7.0.5-dev"
| #define ECM_VERSION "7.0.5-dev"
| #define WANT_ASSERT 1
| #define STDC_HEADERS 1
| #define HAVE_SYS_TYPES_H 1
| #define HAVE_SYS_STAT_H 1
| #define HAVE_STDLIB_H 1
| #define HAVE_STRING_H 1
| #define HAVE_MEMORY_H 1
| #define HAVE_STRINGS_H 1
| #define HAVE_INTTYPES_H 1
| #define HAVE_STDINT_H 1
| #define HAVE_UNISTD_H 1
| #define HAVE_DLFCN_H 1
| #define LT_OBJDIR ".libs/"
| #define HAVE_UNSIGNED_LONG_LONG_INT 1
| #define HAVE_LONG_LONG_INT 1
| #define TIME_WITH_SYS_TIME 1
| #define PRIuSIZE "zu"
| #define PRIdSIZE "zd"
| #define USE_ASM_REDC 1
| #define HAVE_APRCL 1
| #define HAVE_ALLOCA_H 1
| #define HAVE_ALLOCA 1
| #define STDC_HEADERS 1
| #define HAVE_MATH_H 1
| #define HAVE_LIMITS_H 1
| #define HAVE_MALLOC_H 1
| #define HAVE_STRINGS_H 1
| #define HAVE_SYS_TIME_H 1
| #define HAVE_UNISTD_H 1
| #define HAVE_SIGNAL_H 1
| #define HAVE_FCNTL_H 1
| #define HAVE_CTYPE_H 1
| #define HAVE_SYS_TYPES_H 1
| #define HAVE_SYS_RESOURCE_H 1
| #define HAVE_AIO_H 1
| #define HAVE_LIBM 1
| #define HAVE_LIBM 1
| #define HAVE_LIBM 1
| #define HAVE_LIBM 1
| #define HAVE_LIBM 1
| #define HAVE_LIBRT 1
| /* end confdefs.h.  */
| 
| /* Override any GCC internal prototype to avoid an error.
|    Use char because int might match the return type of a GCC
|    builtin and then its argument prototype would still apply.  */
| #ifdef __cplusplus
| extern "C"
| #endif
| char GetProcessMemoryInfo ();
| int
| main ()
| {
| return GetProcessMemoryInfo ();
|   ;
|   return 0;
| }
configure:11252: result: no
configure:11267: checking for isascii
configure:11267: gcc -o conftest -O2 -pedantic -fomit-frame-pointer -m64 -mtune=sandybridge -march=sandybridge -I/usr/local//include  conftest.c -lrt -lm -lm -lm -lm -lm  >&5
conftest.c:76:6: warning: conflicting types for built-in function 'isascii' [-Wbuiltin-declaration-mismatch]
 char isascii ();
      ^~~~~~~
configure:11267: $? = 0
configure:11267: result: yes
configure:11267: checking for memset
configure:11267: gcc -o conftest -O2 -pedantic -fomit-frame-pointer -m64 -mtune=sandybridge -march=sandybridge -I/usr/local//include  conftest.c -lrt -lm -lm -lm -lm -lm  >&5
conftest.c:77:6: warning: conflicting types for built-in function 'memset' [-Wbuiltin-declaration-mismatch]
 char memset ();
      ^~~~~~
configure:11267: $? = 0
configure:11267: result: yes
configure:11267: checking for strchr
configure:11267: gcc -o conftest -O2 -pedantic -fomit-frame-pointer -m64 -mtune=sandybridge -march=sandybridge -I/usr/local//include  conftest.c -lrt -lm -lm -lm -lm -lm  >&5
conftest.c:78:6: warning: conflicting types for built-in function 'strchr' [-Wbuiltin-declaration-mismatch]
 char strchr ();
      ^~~~~~
configure:11267: $? = 0
configure:11267: result: yes
configure:11267: checking for strlen
configure:11267: gcc -o conftest -O2 -pedantic -fomit-frame-pointer -m64 -mtune=sandybridge -march=sandybridge -I/usr/local//include  conftest.c -lrt -lm -lm -lm -lm -lm  >&5
conftest.c:79:6: warning: conflicting types for built-in function 'strlen' [-Wbuiltin-declaration-mismatch]
 char strlen ();
      ^~~~~~
configure:11267: $? = 0
configure:11267: result: yes
configure:11267: checking for strncasecmp
configure:11267: gcc -o conftest -O2 -pedantic -fomit-frame-pointer -m64 -mtune=sandybridge -march=sandybridge -I/usr/local//include  conftest.c -lrt -lm -lm -lm -lm -lm  >&5
conftest.c:80:6: warning: conflicting types for built-in function 'strncasecmp' [-Wbuiltin-declaration-mismatch]
 char strncasecmp ();
      ^~~~~~~~~~~
configure:11267: $? = 0
configure:11267: result: yes
configure:11267: checking for strstr
configure:11267: gcc -o conftest -O2 -pedantic -fomit-frame-pointer -m64 -mtune=sandybridge -march=sandybridge -I/usr/local//include  conftest.c -lrt -lm -lm -lm -lm -lm  >&5
conftest.c:81:6: warning: conflicting types for built-in function 'strstr' [-Wbuiltin-declaration-mismatch]
 char strstr ();
      ^~~~~~
configure:11267: $? = 0
configure:11267: result: yes
configure:11281: checking for access
configure:11281: gcc -o conftest -O2 -pedantic -fomit-frame-pointer -m64 -mtune=sandybridge -march=sandybridge -I/usr/local//include  conftest.c -lrt -lm -lm -lm -lm -lm  >&5
configure:11281: $? = 0
configure:11281: result: yes
configure:11281: checking for unlink
configure:11281: gcc -o conftest -O2 -pedantic -fomit-frame-pointer -m64 -mtune=sandybridge -march=sandybridge -I/usr/local//include  conftest.c -lrt -lm -lm -lm -lm -lm  >&5
configure:11281: $? = 0
configure:11281: result: yes
configure:11295: checking for isspace
configure:11295: gcc -o conftest -O2 -pedantic -fomit-frame-pointer -m64 -mtune=sandybridge -march=sandybridge -I/usr/local//include  conftest.c -lrt -lm -lm -lm -lm -lm  >&5
conftest.c:84:6: warning: conflicting types for built-in function 'isspace' [-Wbuiltin-declaration-mismatch]
 char isspace ();
      ^~~~~~~
configure:11295: $? = 0
configure:11295: result: yes
configure:11295: checking for isdigit
configure:11295: gcc -o conftest -O2 -pedantic -fomit-frame-pointer -m64 -mtune=sandybridge -march=sandybridge -I/usr/local//include  conftest.c -lrt -lm -lm -lm -lm -lm  >&5
conftest.c:85:6: warning: conflicting types for built-in function 'isdigit' [-Wbuiltin-declaration-mismatch]
 char isdigit ();
      ^~~~~~~
configure:11295: $? = 0
configure:11295: result: yes
configure:11295: checking for isxdigit
configure:11295: gcc -o conftest -O2 -pedantic -fomit-frame-pointer -m64 -mtune=sandybridge -march=sandybridge -I/usr/local//include  conftest.c -lrt -lm -lm -lm -lm -lm  >&5
conftest.c:86:6: warning: conflicting types for built-in function 'isxdigit' [-Wbuiltin-declaration-mismatch]
 char isxdigit ();
      ^~~~~~~~
configure:11295: $? = 0
configure:11295: result: yes
configure:11309: checking for time
configure:11309: gcc -o conftest -O2 -pedantic -fomit-frame-pointer -m64 -mtune=sandybridge -march=sandybridge -I/usr/local//include  conftest.c -lrt -lm -lm -lm -lm -lm  >&5
configure:11309: $? = 0
configure:11309: result: yes
configure:11309: checking for ctime
configure:11309: gcc -o conftest -O2 -pedantic -fomit-frame-pointer -m64 -mtune=sandybridge -march=sandybridge -I/usr/local//include  conftest.c -lrt -lm -lm -lm -lm -lm  >&5
configure:11309: $? = 0
configure:11309: result: yes
configure:11323: checking for gethostname
configure:11323: gcc -o conftest -O2 -pedantic -fomit-frame-pointer -m64 -mtune=sandybridge -march=sandybridge -I/usr/local//include  conftest.c -lrt -lm -lm -lm -lm -lm  >&5
configure:11323: $? = 0
configure:11323: result: yes
configure:11323: checking for gettimeofday
configure:11323: gcc -o conftest -O2 -pedantic -fomit-frame-pointer -m64 -mtune=sandybridge -march=sandybridge -I/usr/local//include  conftest.c -lrt -lm -lm -lm -lm -lm  >&5
configure:11323: $? = 0
configure:11323: result: yes
configure:11323: checking for getrusage
configure:11323: gcc -o conftest -O2 -pedantic -fomit-frame-pointer -m64 -mtune=sandybridge -march=sandybridge -I/usr/local//include  conftest.c -lrt -lm -lm -lm -lm -lm  >&5
configure:11323: $? = 0
configure:11323: result: yes
configure:11323: checking for memmove
configure:11323: gcc -o conftest -O2 -pedantic -fomit-frame-pointer -m64 -mtune=sandybridge -march=sandybridge -I/usr/local//include  conftest.c -lrt -lm -lm -lm -lm -lm  >&5
conftest.c:92:6: warning: conflicting types for built-in function 'memmove' [-Wbuiltin-declaration-mismatch]
 char memmove ();
      ^~~~~~~
configure:11323: $? = 0
configure:11323: result: yes
configure:11323: checking for signal
configure:11323: gcc -o conftest -O2 -pedantic -fomit-frame-pointer -m64 -mtune=sandybridge -march=sandybridge -I/usr/local//include  conftest.c -lrt -lm -lm -lm -lm -lm  >&5
configure:11323: $? = 0
configure:11323: result: yes
configure:11323: checking for fcntl
configure:11323: gcc -o conftest -O2 -pedantic -fomit-frame-pointer -m64 -mtune=sandybridge -march=sandybridge -I/usr/local//include  conftest.c -lrt -lm -lm -lm -lm -lm  >&5
configure:11323: $? = 0
configure:11323: result: yes
configure:11323: checking for fileno
configure:11323: gcc -o conftest -O2 -pedantic -fomit-frame-pointer -m64 -mtune=sandybridge -march=sandybridge -I/usr/local//include  conftest.c -lrt -lm -lm -lm -lm -lm  >&5
configure:11323: $? = 0
configure:11323: result: yes
configure:11323: checking for setvbuf
configure:11323: gcc -o conftest -O2 -pedantic -fomit-frame-pointer -m64 -mtune=sandybridge -march=sandybridge -I/usr/local//include  conftest.c -lrt -lm -lm -lm -lm -lm  >&5
configure:11323: $? = 0
configure:11323: result: yes
configure:11323: checking for fallocate
configure:11323: gcc -o conftest -O2 -pedantic -fomit-frame-pointer -m64 -mtune=sandybridge -march=sandybridge -I/usr/local//include  conftest.c -lrt -lm -lm -lm -lm -lm  >&5
configure:11323: $? = 0
configure:11323: result: yes
configure:11323: checking for aio_read
configure:11323: gcc -o conftest -O2 -pedantic -fomit-frame-pointer -m64 -mtune=sandybridge -march=sandybridge -I/usr/local//include  conftest.c -lrt -lm -lm -lm -lm -lm  >&5
configure:11323: $? = 0
configure:11323: result: yes
configure:11323: checking for aio_init
configure:11323: gcc -o conftest -O2 -pedantic -fomit-frame-pointer -m64 -mtune=sandybridge -march=sandybridge -I/usr/local//include  conftest.c -lrt -lm -lm -lm -lm -lm  >&5
configure:11323: $? = 0
configure:11323: result: yes
configure:11336: checking for _fseeki64
configure:11336: gcc -o conftest -O2 -pedantic -fomit-frame-pointer -m64 -mtune=sandybridge -march=sandybridge -I/usr/local//include  conftest.c -lrt -lm -lm -lm -lm -lm  >&5
/usr/bin/ld: /tmp/ccJmDchp.o: in function `main':
conftest.c:(.text.startup+0x7): undefined reference to `_fseeki64'
collect2: error: ld returned 1 exit status
configure:11336: $? = 1
configure: failed program was:
| /* confdefs.h */
| #define PACKAGE_NAME "ecm"
| #define PACKAGE_TARNAME "ecm"
| #define PACKAGE_VERSION "7.0.5-dev"
| #define PACKAGE_STRING "ecm 7.0.5-dev"
| #define PACKAGE_BUGREPORT "ecm-discuss@lists.gforge.inria.fr"
| #define PACKAGE_URL ""
| #define PACKAGE "ecm"
| #define VERSION "7.0.5-dev"
| #define ECM_VERSION "7.0.5-dev"
| #define WANT_ASSERT 1
| #define STDC_HEADERS 1
| #define HAVE_SYS_TYPES_H 1
| #define HAVE_SYS_STAT_H 1
| #define HAVE_STDLIB_H 1
| #define HAVE_STRING_H 1
| #define HAVE_MEMORY_H 1
| #define HAVE_STRINGS_H 1
| #define HAVE_INTTYPES_H 1
| #define HAVE_STDINT_H 1
| #define HAVE_UNISTD_H 1
| #define HAVE_DLFCN_H 1
| #define LT_OBJDIR ".libs/"
| #define HAVE_UNSIGNED_LONG_LONG_INT 1
| #define HAVE_LONG_LONG_INT 1
| #define TIME_WITH_SYS_TIME 1
| #define PRIuSIZE "zu"
| #define PRIdSIZE "zd"
| #define USE_ASM_REDC 1
| #define HAVE_APRCL 1
| #define HAVE_ALLOCA_H 1
| #define HAVE_ALLOCA 1
| #define STDC_HEADERS 1
| #define HAVE_MATH_H 1
| #define HAVE_LIMITS_H 1
| #define HAVE_MALLOC_H 1
| #define HAVE_STRINGS_H 1
| #define HAVE_SYS_TIME_H 1
| #define HAVE_UNISTD_H 1
| #define HAVE_SIGNAL_H 1
| #define HAVE_FCNTL_H 1
| #define HAVE_CTYPE_H 1
| #define HAVE_SYS_TYPES_H 1
| #define HAVE_SYS_RESOURCE_H 1
| #define HAVE_AIO_H 1
| #define HAVE_LIBM 1
| #define HAVE_LIBM 1
| #define HAVE_LIBM 1
| #define HAVE_LIBM 1
| #define HAVE_LIBM 1
| #define HAVE_LIBRT 1
| #define HAVE_ISASCII 1
| #define HAVE_MEMSET 1
| #define HAVE_STRCHR 1
| #define HAVE_STRLEN 1
| #define HAVE_STRNCASECMP 1
| #define HAVE_STRSTR 1
| #define HAVE_ACCESS 1
| #define HAVE_UNLINK 1
| #define HAVE_ISSPACE 1
| #define HAVE_ISDIGIT 1
| #define HAVE_ISXDIGIT 1
| #define HAVE_TIME 1
| #define HAVE_CTIME 1
| #define HAVE_GETHOSTNAME 1
| #define HAVE_GETTIMEOFDAY 1
| #define HAVE_GETRUSAGE 1
| #define HAVE_MEMMOVE 1
| #define HAVE_SIGNAL 1
| #define HAVE_FCNTL 1
| #define HAVE_FILENO 1
| #define HAVE_SETVBUF 1
| #define HAVE_FALLOCATE 1
| #define HAVE_AIO_READ 1
| #define HAVE_AIO_INIT 1
| /* end confdefs.h.  */
| /* Define _fseeki64 to an innocuous variant, in case <limits.h> declares _fseeki64.
|    For example, HP-UX 11i <limits.h> declares gettimeofday.  */
| #define _fseeki64 innocuous__fseeki64
| 
| /* System header to define __stub macros and hopefully few prototypes,
|     which can conflict with char _fseeki64 (); below.
|     Prefer <limits.h> to <assert.h> if __STDC__ is defined, since
|     <limits.h> exists even on freestanding compilers.  */
| 
| #ifdef __STDC__
| # include <limits.h>
| #else
| # include <assert.h>
| #endif
| 
| #undef _fseeki64
| 
| /* Override any GCC internal prototype to avoid an error.
|    Use char because int might match the return type of a GCC
|    builtin and then its argument prototype would still apply.  */
| #ifdef __cplusplus
| extern "C"
| #endif
| char _fseeki64 ();
| /* The GNU C library defines this for functions which it implements
|     to always fail with ENOSYS.  Some functions are actually named
|     something starting with __ and the normal name is an alias.  */
| #if defined __stub__fseeki64 || defined __stub____fseeki64
| choke me
| #endif
| 
| int
| main ()
| {
| return _fseeki64 ();
|   ;
|   return 0;
| }
configure:11336: result: no
configure:11336: checking for _ftelli64
configure:11336: gcc -o conftest -O2 -pedantic -fomit-frame-pointer -m64 -mtune=sandybridge -march=sandybridge -I/usr/local//include  conftest.c -lrt -lm -lm -lm -lm -lm  >&5
/usr/bin/ld: /tmp/ccIys8Mw.o: in function `main':
conftest.c:(.text.startup+0x7): undefined reference to `_ftelli64'
collect2: error: ld returned 1 exit status
configure:11336: $? = 1
configure: failed program was:
| /* confdefs.h */
| #define PACKAGE_NAME "ecm"
| #define PACKAGE_TARNAME "ecm"
| #define PACKAGE_VERSION "7.0.5-dev"
| #define PACKAGE_STRING "ecm 7.0.5-dev"
| #define PACKAGE_BUGREPORT "ecm-discuss@lists.gforge.inria.fr"
| #define PACKAGE_URL ""
| #define PACKAGE "ecm"
| #define VERSION "7.0.5-dev"
| #define ECM_VERSION "7.0.5-dev"
| #define WANT_ASSERT 1
| #define STDC_HEADERS 1
| #define HAVE_SYS_TYPES_H 1
| #define HAVE_SYS_STAT_H 1
| #define HAVE_STDLIB_H 1
| #define HAVE_STRING_H 1
| #define HAVE_MEMORY_H 1
| #define HAVE_STRINGS_H 1
| #define HAVE_INTTYPES_H 1
| #define HAVE_STDINT_H 1
| #define HAVE_UNISTD_H 1
| #define HAVE_DLFCN_H 1
| #define LT_OBJDIR ".libs/"
| #define HAVE_UNSIGNED_LONG_LONG_INT 1
| #define HAVE_LONG_LONG_INT 1
| #define TIME_WITH_SYS_TIME 1
| #define PRIuSIZE "zu"
| #define PRIdSIZE "zd"
| #define USE_ASM_REDC 1
| #define HAVE_APRCL 1
| #define HAVE_ALLOCA_H 1
| #define HAVE_ALLOCA 1
| #define STDC_HEADERS 1
| #define HAVE_MATH_H 1
| #define HAVE_LIMITS_H 1
| #define HAVE_MALLOC_H 1
| #define HAVE_STRINGS_H 1
| #define HAVE_SYS_TIME_H 1
| #define HAVE_UNISTD_H 1
| #define HAVE_SIGNAL_H 1
| #define HAVE_FCNTL_H 1
| #define HAVE_CTYPE_H 1
| #define HAVE_SYS_TYPES_H 1
| #define HAVE_SYS_RESOURCE_H 1
| #define HAVE_AIO_H 1
| #define HAVE_LIBM 1
| #define HAVE_LIBM 1
| #define HAVE_LIBM 1
| #define HAVE_LIBM 1
| #define HAVE_LIBM 1
| #define HAVE_LIBRT 1
| #define HAVE_ISASCII 1
| #define HAVE_MEMSET 1
| #define HAVE_STRCHR 1
| #define HAVE_STRLEN 1
| #define HAVE_STRNCASECMP 1
| #define HAVE_STRSTR 1
| #define HAVE_ACCESS 1
| #define HAVE_UNLINK 1
| #define HAVE_ISSPACE 1
| #define HAVE_ISDIGIT 1
| #define HAVE_ISXDIGIT 1
| #define HAVE_TIME 1
| #define HAVE_CTIME 1
| #define HAVE_GETHOSTNAME 1
| #define HAVE_GETTIMEOFDAY 1
| #define HAVE_GETRUSAGE 1
| #define HAVE_MEMMOVE 1
| #define HAVE_SIGNAL 1
| #define HAVE_FCNTL 1
| #define HAVE_FILENO 1
| #define HAVE_SETVBUF 1
| #define HAVE_FALLOCATE 1
| #define HAVE_AIO_READ 1
| #define HAVE_AIO_INIT 1
| /* end confdefs.h.  */
| /* Define _ftelli64 to an innocuous variant, in case <limits.h> declares _ftelli64.
|    For example, HP-UX 11i <limits.h> declares gettimeofday.  */
| #define _ftelli64 innocuous__ftelli64
| 
| /* System header to define __stub macros and hopefully few prototypes,
|     which can conflict with char _ftelli64 (); below.
|     Prefer <limits.h> to <assert.h> if __STDC__ is defined, since
|     <limits.h> exists even on freestanding compilers.  */
| 
| #ifdef __STDC__
| # include <limits.h>
| #else
| # include <assert.h>
| #endif
| 
| #undef _ftelli64
| 
| /* Override any GCC internal prototype to avoid an error.
|    Use char because int might match the return type of a GCC
|    builtin and then its argument prototype would still apply.  */
| #ifdef __cplusplus
| extern "C"
| #endif
| char _ftelli64 ();
| /* The GNU C library defines this for functions which it implements
|     to always fail with ENOSYS.  Some functions are actually named
|     something starting with __ and the normal name is an alias.  */
| #if defined __stub__ftelli64 || defined __stub____ftelli64
| choke me
| #endif
| 
| int
| main ()
| {
| return _ftelli64 ();
|   ;
|   return 0;
| }
configure:11336: result: no
configure:11347: checking for malloc_usable_size
configure:11347: gcc -o conftest -O2 -pedantic -fomit-frame-pointer -m64 -mtune=sandybridge -march=sandybridge -I/usr/local//include  conftest.c -lrt -lm -lm -lm -lm -lm  >&5
configure:11347: $? = 0
configure:11347: result: yes
configure:11386: checking gmp.h usability
configure:11386: gcc -c -W -Wall -Wundef -O2 -pedantic -fomit-frame-pointer -m64 -mtune=sandybridge -march=sandybridge -I/usr/local//include -I/usr/local//include conftest.c >&5
configure:11386: $? = 0
configure:11386: result: yes
configure:11386: checking gmp.h presence
configure:11386: gcc -E -I/usr/local//include -I/usr/local//include conftest.c
configure:11386: $? = 0
configure:11386: result: yes
configure:11386: checking for gmp.h
configure:11386: result: yes
configure:11399: checking for recent GMP
configure:11411: gcc -E -I/usr/local//include -I/usr/local//include conftest.c
configure:11411: $? = 0
configure:11412: result: yes
configure:11422: checking if GMP is MPIR
configure:11434: gcc -E -I/usr/local//include -I/usr/local//include conftest.c
conftest.c:82:2: error: #error 
 #error
  ^~~~~
conftest.c:83:2: error: invalid preprocessing directive #IRIXdoesnotexitaterrordirective
 #IRIXdoesnotexitaterrordirective
  ^~~~~~~~~~~~~~~~~~~~~~~~~~~~~~~
configure:11434: $? = 1
configure: failed program was:
| /* confdefs.h */
| #define PACKAGE_NAME "ecm"
| #define PACKAGE_TARNAME "ecm"
| #define PACKAGE_VERSION "7.0.5-dev"
| #define PACKAGE_STRING "ecm 7.0.5-dev"
| #define PACKAGE_BUGREPORT "ecm-discuss@lists.gforge.inria.fr"
| #define PACKAGE_URL ""
| #define PACKAGE "ecm"
| #define VERSION "7.0.5-dev"
| #define ECM_VERSION "7.0.5-dev"
| #define WANT_ASSERT 1
| #define STDC_HEADERS 1
| #define HAVE_SYS_TYPES_H 1
| #define HAVE_SYS_STAT_H 1
| #define HAVE_STDLIB_H 1
| #define HAVE_STRING_H 1
| #define HAVE_MEMORY_H 1
| #define HAVE_STRINGS_H 1
| #define HAVE_INTTYPES_H 1
| #define HAVE_STDINT_H 1
| #define HAVE_UNISTD_H 1
| #define HAVE_DLFCN_H 1
| #define LT_OBJDIR ".libs/"
| #define HAVE_UNSIGNED_LONG_LONG_INT 1
| #define HAVE_LONG_LONG_INT 1
| #define TIME_WITH_SYS_TIME 1
| #define PRIuSIZE "zu"
| #define PRIdSIZE "zd"
| #define USE_ASM_REDC 1
| #define HAVE_APRCL 1
| #define HAVE_ALLOCA_H 1
| #define HAVE_ALLOCA 1
| #define STDC_HEADERS 1
| #define HAVE_MATH_H 1
| #define HAVE_LIMITS_H 1
| #define HAVE_MALLOC_H 1
| #define HAVE_STRINGS_H 1
| #define HAVE_SYS_TIME_H 1
| #define HAVE_UNISTD_H 1
| #define HAVE_SIGNAL_H 1
| #define HAVE_FCNTL_H 1
| #define HAVE_CTYPE_H 1
| #define HAVE_SYS_TYPES_H 1
| #define HAVE_SYS_RESOURCE_H 1
| #define HAVE_AIO_H 1
| #define HAVE_LIBM 1
| #define HAVE_LIBM 1
| #define HAVE_LIBM 1
| #define HAVE_LIBM 1
| #define HAVE_LIBM 1
| #define HAVE_LIBRT 1
| #define HAVE_ISASCII 1
| #define HAVE_MEMSET 1
| #define HAVE_STRCHR 1
| #define HAVE_STRLEN 1
| #define HAVE_STRNCASECMP 1
| #define HAVE_STRSTR 1
| #define HAVE_ACCESS 1
| #define HAVE_UNLINK 1
| #define HAVE_ISSPACE 1
| #define HAVE_ISDIGIT 1
| #define HAVE_ISXDIGIT 1
| #define HAVE_TIME 1
| #define HAVE_CTIME 1
| #define HAVE_GETHOSTNAME 1
| #define HAVE_GETTIMEOFDAY 1
| #define HAVE_GETRUSAGE 1
| #define HAVE_MEMMOVE 1
| #define HAVE_SIGNAL 1
| #define HAVE_FCNTL 1
| #define HAVE_FILENO 1
| #define HAVE_SETVBUF 1
| #define HAVE_FALLOCATE 1
| #define HAVE_AIO_READ 1
| #define HAVE_AIO_INIT 1
| #define HAVE_MALLOC_USABLE_SIZE 1
| #define HAVE_GMP_H 1
| /* end confdefs.h.  */
| 
| #include <gmp.h>
| #ifndef __MPIR_VERSION
| #error
| #IRIXdoesnotexitaterrordirective
| #endif
| 
configure:11441: result: no
configure:11467: checking whether we can link against GMP
configure:11490: gcc -o conftest -W -Wall -Wundef -O2 -pedantic -fomit-frame-pointer -m64 -mtune=sandybridge -march=sandybridge -I/usr/local//include -I/usr/local//include   conftest.c -lrt -lm -lm -lm -lm -lm  /usr/local//lib/libgmp.a >&5
configure:11490: $? = 0
configure:11491: result: yes
configure:11502: checking if gmp.h version and libgmp version are the same
configure:11534: gcc -o conftest -W -Wall -Wundef -O2 -pedantic -fomit-frame-pointer -m64 -mtune=sandybridge -march=sandybridge -I/usr/local//include -I/usr/local//include   conftest.c -lrt -lm -lm -lm -lm -lm  /usr/local//lib/libgmp.a >&5
configure:11534: $? = 0
configure:11534: ./conftest
configure:11534: $? = 0
configure:11535: result: yes
configure:11550: checking for __gmpn_add_nc
configure:11550: gcc -o conftest -W -Wall -Wundef -O2 -pedantic -fomit-frame-pointer -m64 -mtune=sandybridge -march=sandybridge -I/usr/local//include -I/usr/local//include   conftest.c -lrt -lm -lm -lm -lm -lm  /usr/local//lib/libgmp.a >&5
configure:11550: $? = 0
configure:11550: result: yes
configure:11550: checking for __gmpn_mod_34lsub1
configure:11550: gcc -o conftest -W -Wall -Wundef -O2 -pedantic -fomit-frame-pointer -m64 -mtune=sandybridge -march=sandybridge -I/usr/local//include -I/usr/local//include   conftest.c -lrt -lm -lm -lm -lm -lm  /usr/local//lib/libgmp.a >&5
configure:11550: $? = 0
configure:11550: result: yes
configure:11550: checking for __gmpn_redc_1
configure:11550: gcc -o conftest -W -Wall -Wundef -O2 -pedantic -fomit-frame-pointer -m64 -mtune=sandybridge -march=sandybridge -I/usr/local//include -I/usr/local//include   conftest.c -lrt -lm -lm -lm -lm -lm  /usr/local//lib/libgmp.a >&5
configure:11550: $? = 0
configure:11550: result: yes
configure:11550: checking for __gmpn_redc_2
configure:11550: gcc -o conftest -W -Wall -Wundef -O2 -pedantic -fomit-frame-pointer -m64 -mtune=sandybridge -march=sandybridge -I/usr/local//include -I/usr/local//include   conftest.c -lrt -lm -lm -lm -lm -lm  /usr/local//lib/libgmp.a >&5
configure:11550: $? = 0
configure:11550: result: yes
configure:11562: checking for __gmpn_mullo_n
configure:11562: gcc -o conftest -W -Wall -Wundef -O2 -pedantic -fomit-frame-pointer -m64 -mtune=sandybridge -march=sandybridge -I/usr/local//include -I/usr/local//include   conftest.c -lrt -lm -lm -lm -lm -lm  /usr/local//lib/libgmp.a >&5
configure:11562: $? = 0
configure:11562: result: yes
configure:11562: checking for __gmpn_redc_n
configure:11562: gcc -o conftest -W -Wall -Wundef -O2 -pedantic -fomit-frame-pointer -m64 -mtune=sandybridge -march=sandybridge -I/usr/local//include -I/usr/local//include   conftest.c -lrt -lm -lm -lm -lm -lm  /usr/local//lib/libgmp.a >&5
configure:11562: $? = 0
configure:11562: result: yes
configure:11562: checking for __gmpn_preinv_mod_1
configure:11562: gcc -o conftest -W -Wall -Wundef -O2 -pedantic -fomit-frame-pointer -m64 -mtune=sandybridge -march=sandybridge -I/usr/local//include -I/usr/local//include   conftest.c -lrt -lm -lm -lm -lm -lm  /usr/local//lib/libgmp.a >&5
configure:11562: $? = 0
configure:11562: result: yes
configure:11562: checking for __gmpn_mod_1s_4p_cps
configure:11562: gcc -o conftest -W -Wall -Wundef -O2 -pedantic -fomit-frame-pointer -m64 -mtune=sandybridge -march=sandybridge -I/usr/local//include -I/usr/local//include   conftest.c -lrt -lm -lm -lm -lm -lm  /usr/local//lib/libgmp.a >&5
configure:11562: $? = 0
configure:11562: result: yes
configure:11562: checking for __gmpn_mod_1s_4p
configure:11562: gcc -o conftest -W -Wall -Wundef -O2 -pedantic -fomit-frame-pointer -m64 -mtune=sandybridge -march=sandybridge -I/usr/local//include -I/usr/local//include   conftest.c -lrt -lm -lm -lm -lm -lm  /usr/local//lib/libgmp.a >&5
configure:11562: $? = 0
configure:11562: result: yes
configure:11574: checking for __gmpn_mul_fft
configure:11574: gcc -o conftest -W -Wall -Wundef -O2 -pedantic -fomit-frame-pointer -m64 -mtune=sandybridge -march=sandybridge -I/usr/local//include -I/usr/local//include   conftest.c -lrt -lm -lm -lm -lm -lm  /usr/local//lib/libgmp.a >&5
configure:11574: $? = 0
configure:11574: result: yes
configure:11574: checking for __gmpn_fft_next_size
configure:11574: gcc -o conftest -W -Wall -Wundef -O2 -pedantic -fomit-frame-pointer -m64 -mtune=sandybridge -march=sandybridge -I/usr/local//include -I/usr/local//include   conftest.c -lrt -lm -lm -lm -lm -lm  /usr/local//lib/libgmp.a >&5
configure:11574: $? = 0
configure:11574: result: yes
configure:11574: checking for __gmpn_fft_best_k
configure:11574: gcc -o conftest -W -Wall -Wundef -O2 -pedantic -fomit-frame-pointer -m64 -mtune=sandybridge -march=sandybridge -I/usr/local//include -I/usr/local//include   conftest.c -lrt -lm -lm -lm -lm -lm  /usr/local//lib/libgmp.a >&5
configure:11574: $? = 0
configure:11574: result: yes
configure:11586: checking for __gmpn_mulmod_bnm1
configure:11586: gcc -o conftest -W -Wall -Wundef -O2 -pedantic -fomit-frame-pointer -m64 -mtune=sandybridge -march=sandybridge -I/usr/local//include -I/usr/local//include   conftest.c -lrt -lm -lm -lm -lm -lm  /usr/local//lib/libgmp.a >&5
configure:11586: $? = 0
configure:11586: result: yes
configure:11586: checking for __gmpn_mulmod_bnm1_next_size
configure:11586: gcc -o conftest -W -Wall -Wundef -O2 -pedantic -fomit-frame-pointer -m64 -mtune=sandybridge -march=sandybridge -I/usr/local//include -I/usr/local//include   conftest.c -lrt -lm -lm -lm -lm -lm  /usr/local//lib/libgmp.a >&5
configure:11586: $? = 0
configure:11586: result: yes
configure:11664: checking whether assembler supports --noexecstack option
configure:11674: gcc -W -Wall -Wundef -O2 -pedantic -fomit-frame-pointer -m64 -mtune=sandybridge -march=sandybridge -I/usr/local//include -I/usr/local//include
                     -S -o conftest.s conftest.c >/dev/null
configure:11677: $? = 0
configure:11682: gcc -W -Wall -Wundef -O2 -pedantic -fomit-frame-pointer -m64 -mtune=sandybridge -march=sandybridge -I/usr/local//include -I/usr/local//include -Wa,--noexecstack
                       -c -o conftest.o conftest.s >/dev/null
configure:11685: $? = 0
configure:11694: result: yes
configure:11703: checking whether compiler knows __attribute__((hot))
configure:11719: gcc -c -W -Wall -Wundef -O2 -pedantic -fomit-frame-pointer -m64 -mtune=sandybridge -march=sandybridge -I/usr/local//include -I/usr/local//include conftest.c >&5
configure:11719: $? = 0
configure:11723: result: yes
configure:11738: checking for xsltproc
configure:11754: found /usr/bin/xsltproc
configure:11765: result: xsltproc
configure:11774: checking for docbook.xsl
configure:11792: result: no
configure:11867: checking whether self tests are run under valgrind
configure:11869: result: no
configure:12840: checking that generated files are newer than configure
configure:12846: result: done
configure:12889: creating ./config.status

## ---------------------- ##
## Running config.status. ##
## ---------------------- ##

This file was extended by ecm config.status 7.0.5-dev, which was
generated by GNU Autoconf 2.69.  Invocation command line was

  CONFIG_FILES    = 
  CONFIG_HEADERS  = 
  CONFIG_LINKS    = 
  CONFIG_COMMANDS = 
  $ ./config.status 

on drx

config.status:1213: creating Makefile
config.status:1213: creating athlon/Makefile
config.status:1213: creating pentium4/Makefile
config.status:1213: creating x86_64/Makefile
config.status:1213: creating powerpc64/Makefile
config.status:1213: creating aprtcle/Makefile
config.status:1213: creating build.vc12/Makefile
config.status:1213: creating build.vc12/assembler/Makefile
config.status:1213: creating build.vc12/ecm/Makefile
config.status:1213: creating build.vc12/ecm_gpu/Makefile
config.status:1213: creating build.vc12/libecm/Makefile
config.status:1213: creating build.vc12/libecm_gpu/Makefile
config.status:1213: creating build.vc12/tune/Makefile
config.status:1213: creating build.vc12/bench_mulredc/Makefile
config.status:1213: creating config.h
config.status:1213: creating ecm.h
config.status:1442: executing depfiles commands
config.status:1519: cd .       && sed -e '/# am--include-marker/d' Makefile         | make -f - am--depfiles
config.status:1524: $? = 0
config.status:1442: executing libtool commands
configure:15047: Configuration:
configure:15049: Build for host type x86_64-pc-linux-gnu
configure:15052: CC=gcc, CFLAGS=-W -Wall -Wundef -O2 -pedantic -fomit-frame-pointer -m64 -mtune=sandybridge -march=sandybridge
configure:15054: Linking GMP with /usr/local//lib/libgmp.a
configure:15058: Using asm redc code from directory x86_64
configure:15069: Not using SSE2 instructions in NTT code
configure:15074: Using APRCL to prove factors prime/composite
configure:15087: Assertions enabled
configure:15098: Shell command execution disabled
configure:15106: OpenMP disabled
configure:15114: Memory debugging disabled

## ---------------- ##
## Cache variables. ##
## ---------------- ##

ac_cv_build=x86_64-pc-linux-gnu
ac_cv_c_compiler_gnu=yes
ac_cv_c_const=yes
ac_cv_c_inline=inline
ac_cv_c_int64_t=yes
ac_cv_c_uint64_t=yes
ac_cv_env_CCASFLAGS_set=
ac_cv_env_CCASFLAGS_value=
ac_cv_env_CCAS_set=
ac_cv_env_CCAS_value=
ac_cv_env_CC_set=
ac_cv_env_CC_value=
ac_cv_env_CFLAGS_set=
ac_cv_env_CFLAGS_value=
ac_cv_env_CPPFLAGS_set=
ac_cv_env_CPPFLAGS_value=
ac_cv_env_CPP_set=
ac_cv_env_CPP_value=
ac_cv_env_LDFLAGS_set=
ac_cv_env_LDFLAGS_value=
ac_cv_env_LIBS_set=
ac_cv_env_LIBS_value=
ac_cv_env_LT_SYS_LIBRARY_PATH_set=
ac_cv_env_LT_SYS_LIBRARY_PATH_value=
ac_cv_env_M4_set=
ac_cv_env_M4_value=
ac_cv_env_build_alias_set=
ac_cv_env_build_alias_value=
ac_cv_env_host_alias_set=
ac_cv_env_host_alias_value=
ac_cv_env_target_alias_set=
ac_cv_env_target_alias_value=
ac_cv_func___gmpn_add_nc=yes
ac_cv_func___gmpn_fft_best_k=yes
ac_cv_func___gmpn_fft_next_size=yes
ac_cv_func___gmpn_mod_1s_4p=yes
ac_cv_func___gmpn_mod_1s_4p_cps=yes
ac_cv_func___gmpn_mod_34lsub1=yes
ac_cv_func___gmpn_mul_fft=yes
ac_cv_func___gmpn_mullo_n=yes
ac_cv_func___gmpn_mulmod_bnm1=yes
ac_cv_func___gmpn_mulmod_bnm1_next_size=yes
ac_cv_func___gmpn_preinv_mod_1=yes
ac_cv_func___gmpn_redc_1=yes
ac_cv_func___gmpn_redc_2=yes
ac_cv_func___gmpn_redc_n=yes
ac_cv_func__fseeki64=no
ac_cv_func__ftelli64=no
ac_cv_func_access=yes
ac_cv_func_aio_init=yes
ac_cv_func_aio_read=yes
ac_cv_func_alloca_works=yes
ac_cv_func_ctime=yes
ac_cv_func_fallocate=yes
ac_cv_func_fcntl=yes
ac_cv_func_fileno=yes
ac_cv_func_gethostname=yes
ac_cv_func_getrusage=yes
ac_cv_func_gettimeofday=yes
ac_cv_func_isascii=yes
ac_cv_func_isdigit=yes
ac_cv_func_isspace=yes
ac_cv_func_isxdigit=yes
ac_cv_func_malloc_usable_size=yes
ac_cv_func_memmove=yes
ac_cv_func_memset=yes
ac_cv_func_setvbuf=yes
ac_cv_func_signal=yes
ac_cv_func_strchr=yes
ac_cv_func_strlen=yes
ac_cv_func_strncasecmp=yes
ac_cv_func_strstr=yes
ac_cv_func_strtod=yes
ac_cv_func_time=yes
ac_cv_func_unlink=yes
ac_cv_header_aio_h=yes
ac_cv_header_ctype_h=yes
ac_cv_header_dlfcn_h=yes
ac_cv_header_fcntl_h=yes
ac_cv_header_gmp_h=yes
ac_cv_header_inttypes_h=yes
ac_cv_header_io_h=no
ac_cv_header_limits_h=yes
ac_cv_header_malloc_h=yes
ac_cv_header_math_h=yes
ac_cv_header_memory_h=yes
ac_cv_header_psapi_h=no
ac_cv_header_signal_h=yes
ac_cv_header_stdc=yes
ac_cv_header_stdint_h=yes
ac_cv_header_stdlib_h=yes
ac_cv_header_string_h=yes
ac_cv_header_strings_h=yes
ac_cv_header_sys_resource_h=yes
ac_cv_header_sys_stat_h=yes
ac_cv_header_sys_time_h=yes
ac_cv_header_sys_types_h=yes
ac_cv_header_time=yes
ac_cv_header_unistd_h=yes
ac_cv_header_windows_h=no
ac_cv_host=x86_64-pc-linux-gnu
ac_cv_lib_m_cos=yes
ac_cv_lib_m_floor=yes
ac_cv_lib_m_fmod=yes
ac_cv_lib_m_pow=yes
ac_cv_lib_m_sqrt=yes
ac_cv_lib_psapi_GetProcessMemoryInfo=no
ac_cv_lib_rt_aio_read=yes
ac_cv_objext=o
ac_cv_path_EGREP='/usr/bin/grep -E'
ac_cv_path_FGREP='/usr/bin/grep -F'
ac_cv_path_GREP=/usr/bin/grep
ac_cv_path_SED=/usr/bin/sed
ac_cv_path_install='/usr/bin/install -c'
ac_cv_path_lt_DD=/usr/bin/dd
ac_cv_path_mkdir=/usr/bin/mkdir
ac_cv_prog_AWK=gawk
ac_cv_prog_CPP='gcc -E'
ac_cv_prog_XSLTPROC=xsltproc
ac_cv_prog_ac_ct_AR=ar
ac_cv_prog_ac_ct_CC=gcc
ac_cv_prog_ac_ct_MANIFEST_TOOL=mt
ac_cv_prog_ac_ct_OBJDUMP=objdump
ac_cv_prog_ac_ct_RANLIB=ranlib
ac_cv_prog_ac_ct_STRIP=strip
ac_cv_prog_cc_c89=
ac_cv_prog_cc_g=yes
ac_cv_prog_make_make_set=yes
ac_cv_type_long_long_int=yes
ac_cv_type_size_t=yes
ac_cv_type_unsigned_long_long_int=yes
ac_cv_working_alloca_h=yes
am_cv_CCAS_dependencies_compiler_type=gcc3
am_cv_CC_dependencies_compiler_type=gcc3
am_cv_make_support_nested_variables=yes
am_cv_prog_cc_c_o=yes
cl_cv_as_noexecstack=yes
gmp_cv_asm_globl=.globl
gmp_cv_asm_label_suffix=:
gmp_cv_asm_text=.text
gmp_cv_asm_type='.type	$1,@$2'
gmp_cv_asm_underscore=no
gmp_cv_prog_m4=m4
lt_cv_ar_at_file=@
lt_cv_deplibs_check_method=pass_all
lt_cv_file_magic_cmd='$MAGIC_CMD'
lt_cv_file_magic_test_file=
lt_cv_ld_reload_flag=-r
lt_cv_nm_interface='BSD nm'
lt_cv_objdir=.libs
lt_cv_path_LD=/usr/bin/ld
lt_cv_path_NM='/usr/bin/nm -B'
lt_cv_path_mainfest_tool=no
lt_cv_prog_compiler_c_o=yes
lt_cv_prog_compiler_pic='-fPIC -DPIC'
lt_cv_prog_compiler_pic_works=yes
lt_cv_prog_compiler_rtti_exceptions=no
lt_cv_prog_compiler_static_works=yes
lt_cv_prog_gnu_ld=yes
lt_cv_sharedlib_from_linklib_cmd='printf %s\n'
lt_cv_shlibpath_overrides_runpath=yes
lt_cv_sys_global_symbol_pipe='sed -n -e '\''s/^.*[	 ]\([ABCDGIRSTW][ABCDGIRSTW]*\)[	 ][	 ]*\([_A-Za-z][_A-Za-z0-9]*\)$/\1 \2 \2/p'\'' | sed '\''/ __gnu_lto/d'\'''
lt_cv_sys_global_symbol_to_c_name_address='sed -n -e '\''s/^: \(.*\) .*$/  {"\1", (void *) 0},/p'\'' -e '\''s/^[ABCDGIRSTW][ABCDGIRSTW]* .* \(.*\)$/  {"\1", (void *) \&\1},/p'\'''
lt_cv_sys_global_symbol_to_c_name_address_lib_prefix='sed -n -e '\''s/^: \(.*\) .*$/  {"\1", (void *) 0},/p'\'' -e '\''s/^[ABCDGIRSTW][ABCDGIRSTW]* .* \(lib.*\)$/  {"\1", (void *) \&\1},/p'\'' -e '\''s/^[ABCDGIRSTW][ABCDGIRSTW]* .* \(.*\)$/  {"lib\1", (void *) \&\1},/p'\'''
lt_cv_sys_global_symbol_to_cdecl='sed -n -e '\''s/^T .* \(.*\)$/extern int \1();/p'\'' -e '\''s/^[ABCDGIRSTW][ABCDGIRSTW]* .* \(.*\)$/extern char \1;/p'\'''
lt_cv_sys_global_symbol_to_import=
lt_cv_sys_max_cmd_len=1572864
lt_cv_to_host_file_cmd=func_convert_file_noop
lt_cv_to_tool_file_cmd=func_convert_file_noop
lt_cv_truncate_bin='/usr/bin/dd bs=4096 count=1'

## ----------------- ##
## Output variables. ##
## ----------------- ##

  DEFS += -DPARAMS00
  DEFS += -DPARAMS11
  DEFS += -DPARAMS22
  DEFS += -DPARAMS33
# These options are used for coverage tests
'
ACLOCAL='${SHELL} /root/ctf_tool/Math/ecm/missing aclocal-1.16'
ALLOCA=''
AMDEPBACKSLASH='\'
AMDEP_FALSE='#'
AMDEP_TRUE=''
AMTAR='$${TAR-tar}'
AM_BACKSLASH='\'
AM_DEFAULT_V='$(AM_DEFAULT_VERBOSITY)'
AM_DEFAULT_VERBOSITY='1'
AM_V='$(V)'
AR='ar'
ASMPATH='x86_64'
AUTOCONF='${SHELL} /root/ctf_tool/Math/ecm/missing autoconf'
AUTOHEADER='${SHELL} /root/ctf_tool/Math/ecm/missing autoheader'
AUTOMAKE='${SHELL} /root/ctf_tool/Math/ecm/missing automake-1.16'
AWK='gawk'
CC='gcc'
CCAS='gcc'
CCASDEPMODE='depmode=gcc3'
CCASFLAGS='-O2 -pedantic -fomit-frame-pointer -m64 -mtune=sandybridge -march=sandybridge'
CCDEPMODE='depmode=gcc3'
CFLAGS='-W -Wall -Wundef -O2 -pedantic -fomit-frame-pointer -m64 -mtune=sandybridge -march=sandybridge'
COV_FRAG='
CPP='gcc -E'
CPPFLAGS='-I/usr/local//include -I/usr/local//include'
CUDALDFLAGS=''
CUDALIB=''
CUDARPATH=''
CYGPATH_W='echo'
DEFS='-DHAVE_CONFIG_H'
DEPDIR='.deps'
DLLTOOL='false'
DSYMUTIL=''
DUMPBIN=''
ECHO_C=''
ECHO_N='-n'
ECHO_T=''
EGREP='/usr/bin/grep -E'
ENABLE_ASM_REDC_FALSE='#'
ENABLE_ASM_REDC_TRUE=''
EXEEXT=''
FGREP='/usr/bin/grep -F'
GMPLIB='/usr/local//lib/libgmp.a'
GREP='/usr/bin/grep'
GSL_LD_FLAGS=''
INSTALL_DATA='${INSTALL} -m 644'
INSTALL_PROGRAM='${INSTALL}'
INSTALL_SCRIPT='${INSTALL}'
INSTALL_STRIP_PROGRAM='$(install_sh) -c -s'
LD='/usr/bin/ld -m elf_x86_64'
LDFLAGS=' '
LIBECM_LDFLAGS=' -Wl,-znoexecstack'
LIBOBJS=''
LIBS='-lrt -lm -lm -lm -lm -lm  '
LIBTOOL='$(SHELL) $(top_builddir)/libtool'
LIPO=''
LN_S='ln -s'
LTLIBOBJS=''
LT_SYS_LIBRARY_PATH=''
M4='m4'
MAKEINFO='${SHELL} /root/ctf_tool/Math/ecm/missing makeinfo'
MAKE_MANPAGE_FALSE=''
MAKE_MANPAGE_TRUE='#'
MANIFEST_TOOL=':'
MKDIR_P='/usr/bin/mkdir -p'
NM='/usr/bin/nm -B'
NMEDIT=''
NVCC=''
NVCCFLAGS=''
OBJDUMP='objdump'
OBJEXT='o'
OPENMP_CFLAGS=''
OTOOL64=''
OTOOL=''
PACKAGE='ecm'
PACKAGE_BUGREPORT='ecm-discuss@lists.gforge.inria.fr'
PACKAGE_NAME='ecm'
PACKAGE_STRING='ecm 7.0.5-dev'
PACKAGE_TARNAME='ecm'
PACKAGE_URL=''
PACKAGE_VERSION='7.0.5-dev'
PARAMS00 ?= 0
PARAMS11 ?= 0
PARAMS22 ?= 0
PARAMS33 ?= 0
PATH_SEPARATOR=':'
POW_LIB=''
RANLIB='ranlib'
SED='/usr/bin/sed'
SET_MAKE=''
SHELL='/bin/bash'
STRIP='strip'
VALGRIND=''
VERSION='7.0.5-dev'
WANT_GPU_FALSE=''
WANT_GPU_TRUE='#'
WITH_GWNUM_FALSE=''
WITH_GWNUM_TRUE='#'
XSLDIR=''
XSLTPROC='xsltproc'
ac_ct_AR='ar'
ac_ct_CC='gcc'
ac_ct_DUMPBIN=''
am__EXEEXT_FALSE=''
am__EXEEXT_TRUE='#'
am__fastdepCCAS_FALSE='#'
am__fastdepCCAS_TRUE=''
am__fastdepCC_FALSE='#'
am__fastdepCC_TRUE=''
am__include='include'
am__isrc=''
am__leading_dot='.'
am__nodep='_no'
am__quote=''
am__tar='$${TAR-tar} chof - "$$tardir"'
am__untar='$${TAR-tar} xf -'
bindir='${exec_prefix}/bin'
build='x86_64-pc-linux-gnu'
build_alias=''
build_cpu='x86_64'
build_os='linux-gnu'
build_vendor='pc'
datadir='${datarootdir}'
datarootdir='${prefix}/share'
docdir='${datarootdir}/doc/${PACKAGE_TARNAME}'
dvidir='${docdir}'
endif
endif
endif
endif
exec_prefix='${prefix}'
host='x86_64-pc-linux-gnu'
host_alias=''
host_cpu='x86_64'
host_os='linux-gnu'
host_vendor='pc'
htmldir='${docdir}'
ifeq (${PARAMS00}, 1)
ifeq (${PARAMS11}, 1)
ifeq (${PARAMS22}, 1)
ifeq (${PARAMS33}, 1)
includedir='${prefix}/include'
infodir='${datarootdir}/info'
install_sh='${SHELL} /root/ctf_tool/Math/ecm/install-sh'
libdir='${exec_prefix}/lib'
libexecdir='${exec_prefix}/libexec'
localedir='${datarootdir}/locale'
localstatedir='${prefix}/var'
mandir='${datarootdir}/man'
mkdir_p='$(MKDIR_P)'
oldincludedir='/usr/include'
pdfdir='${docdir}'
prefix='/usr/local'
program_transform_name='s,x,x,'
psdir='${docdir}'
runstatedir='${localstatedir}/run'
sbindir='${exec_prefix}/sbin'
sharedstatedir='${prefix}/com'
sysconfdir='${prefix}/etc'
target_alias=''

## ----------- ##
## confdefs.h. ##
## ----------- ##

/* confdefs.h */
#define PACKAGE_NAME "ecm"
#define PACKAGE_TARNAME "ecm"
#define PACKAGE_VERSION "7.0.5-dev"
#define PACKAGE_STRING "ecm 7.0.5-dev"
#define PACKAGE_BUGREPORT "ecm-discuss@lists.gforge.inria.fr"
#define PACKAGE_URL ""
#define PACKAGE "ecm"
#define VERSION "7.0.5-dev"
#define ECM_VERSION "7.0.5-dev"
#define WANT_ASSERT 1
#define STDC_HEADERS 1
#define HAVE_SYS_TYPES_H 1
#define HAVE_SYS_STAT_H 1
#define HAVE_STDLIB_H 1
#define HAVE_STRING_H 1
#define HAVE_MEMORY_H 1
#define HAVE_STRINGS_H 1
#define HAVE_INTTYPES_H 1
#define HAVE_STDINT_H 1
#define HAVE_UNISTD_H 1
#define HAVE_DLFCN_H 1
#define LT_OBJDIR ".libs/"
#define HAVE_UNSIGNED_LONG_LONG_INT 1
#define HAVE_LONG_LONG_INT 1
#define TIME_WITH_SYS_TIME 1
#define PRIuSIZE "zu"
#define PRIdSIZE "zd"
#define USE_ASM_REDC 1
#define HAVE_APRCL 1
#define HAVE_ALLOCA_H 1
#define HAVE_ALLOCA 1
#define STDC_HEADERS 1
#define HAVE_MATH_H 1
#define HAVE_LIMITS_H 1
#define HAVE_MALLOC_H 1
#define HAVE_STRINGS_H 1
#define HAVE_SYS_TIME_H 1
#define HAVE_UNISTD_H 1
#define HAVE_SIGNAL_H 1
#define HAVE_FCNTL_H 1
#define HAVE_CTYPE_H 1
#define HAVE_SYS_TYPES_H 1
#define HAVE_SYS_RESOURCE_H 1
#define HAVE_AIO_H 1
#define HAVE_LIBM 1
#define HAVE_LIBM 1
#define HAVE_LIBM 1
#define HAVE_LIBM 1
#define HAVE_LIBM 1
#define HAVE_LIBRT 1
#define HAVE_ISASCII 1
#define HAVE_MEMSET 1
#define HAVE_STRCHR 1
#define HAVE_STRLEN 1
#define HAVE_STRNCASECMP 1
#define HAVE_STRSTR 1
#define HAVE_ACCESS 1
#define HAVE_UNLINK 1
#define HAVE_ISSPACE 1
#define HAVE_ISDIGIT 1
#define HAVE_ISXDIGIT 1
#define HAVE_TIME 1
#define HAVE_CTIME 1
#define HAVE_GETHOSTNAME 1
#define HAVE_GETTIMEOFDAY 1
#define HAVE_GETRUSAGE 1
#define HAVE_MEMMOVE 1
#define HAVE_SIGNAL 1
#define HAVE_FCNTL 1
#define HAVE_FILENO 1
#define HAVE_SETVBUF 1
#define HAVE_FALLOCATE 1
#define HAVE_AIO_READ 1
#define HAVE_AIO_INIT 1
#define HAVE_MALLOC_USABLE_SIZE 1
#define HAVE_GMP_H 1
#define HAVE___GMPN_ADD_NC 1
#define HAVE___GMPN_MOD_34LSUB1 1
#define HAVE___GMPN_REDC_1 1
#define HAVE___GMPN_REDC_2 1
#define HAVE___GMPN_MULLO_N 1
#define HAVE___GMPN_REDC_N 1
#define HAVE___GMPN_PREINV_MOD_1 1
#define HAVE___GMPN_MOD_1S_4P_CPS 1
#define HAVE___GMPN_MOD_1S_4P 1
#define HAVE___GMPN_MUL_FFT 1
#define HAVE___GMPN_FFT_NEXT_SIZE 1
#define HAVE___GMPN_FFT_BEST_K 1
#define HAVE___GMPN_MULMOD_BNM1 1
#define HAVE___GMPN_MULMOD_BNM1_NEXT_SIZE 1
#define ATTRIBUTE_HOT __attribute__ ((hot))

configure: exit 0
